2023-03-24 09:49:47 - Starting C:\Program Files\nodejs\node.exe  --harmony C:\Users\elian\Documents\Sistema_de_Cobranca\lab_eng_software_backend\node_modules\node-windows\lib\wrapper.js --file C:\Users\elian\Documents\Sistema_de_Cobranca\lab_eng_software_backend\server.js --scriptoptions= --log "SitemaFortyflex wrapper" --grow 0.25 --wait 1 --maxrestarts 3 --abortonerror n --stopparentfirst undefined
2023-03-24 09:49:47 - Started 11624
2023-03-24 11:57:08 - Stopping sitemafortyflex.exe
2023-03-24 11:57:08 - ProcessKill 11624
2023-03-24 11:57:08 - Found child process: 12400 Name: conhost.exe
2023-03-24 11:57:08 - Found child process: 10440 Name: node.exe
2023-03-24 11:57:09 - Stopping process 12400
2023-03-24 11:57:09 - Send SIGINT 12400
2023-03-24 11:57:09 - SIGINT to 12400 failed - Killing as fallback
2023-03-24 11:57:09 - Stopping process 10440
2023-03-24 11:57:09 - Send SIGINT 10440
2023-03-24 11:57:09 - SIGINT to 10440 failed - Killing as fallback
2023-03-24 11:57:09 - Stopping process 11624
2023-03-24 11:57:09 - Send SIGINT 11624
2023-03-24 11:57:09 - SIGINT to 11624 failed - Killing as fallback
2023-03-24 11:57:09 - Finished sitemafortyflex.exe
2023-03-24 11:58:05 - Starting C:\Program Files\nodejs\node.exe  --harmony C:\Users\elian\Documents\Sistema_de_Cobranca\lab_eng_software_backend\node_modules\node-windows\lib\wrapper.js --file C:\Users\elian\Documents\Sistema_de_Cobranca\lab_eng_software_backend\server.js --scriptoptions= --log "SitemaFortyflex wrapper" --grow 0.25 --wait 1 --maxrestarts 3 --abortonerror n --stopparentfirst undefined
2023-03-24 11:58:05 - Started 19212
2023-03-24 12:24:12 - Starting C:\Program Files\nodejs\node.exe  --harmony C:\Users\elian\Documents\Sistema_de_Cobranca\lab_eng_software_backend\node_modules\node-windows\lib\wrapper.js --file C:\Users\elian\Documents\Sistema_de_Cobranca\lab_eng_software_backend\server.js --scriptoptions= --log "SitemaFortyflex wrapper" --grow 0.25 --wait 1 --maxrestarts 3 --abortonerror n --stopparentfirst undefined
2023-03-24 12:24:12 - Started 19348
2023-03-24 14:32:49 - Stopping sitemafortyflex.exe
2023-03-24 14:32:49 - ProcessKill 19348
2023-03-24 14:32:49 - Found child process: 17988 Name: conhost.exe
2023-03-24 14:32:49 - Found child process: 17388 Name: node.exe
2023-03-24 14:32:49 - Stopping process 17988
2023-03-24 14:32:49 - Send SIGINT 17988
2023-03-24 14:32:49 - SIGINT to 17988 failed - Killing as fallback
2023-03-24 14:32:49 - Stopping process 17388
2023-03-24 14:32:49 - Send SIGINT 17388
2023-03-24 14:32:49 - SIGINT to 17388 failed - Killing as fallback
2023-03-24 14:32:49 - Stopping process 19348
2023-03-24 14:32:49 - Send SIGINT 19348
2023-03-24 14:32:49 - SIGINT to 19348 failed - Killing as fallback
2023-03-24 14:32:49 - Finished sitemafortyflex.exe
2023-03-24 14:35:06 - Starting C:\Program Files\nodejs\node.exe  --harmony C:\Users\elian\Documents\Sistema_de_Cobranca\lab_eng_software_backend\node_modules\node-windows\lib\wrapper.js --file C:\Users\elian\Documents\Sistema_de_Cobranca\lab_eng_software_backend\server.js --scriptoptions= --log "SitemaFortyflex wrapper" --grow 0.25 --wait 1 --maxrestarts 3 --abortonerror n --stopparentfirst undefined
2023-03-24 14:35:06 - Started 6844
2023-03-24 14:36:04 - Stopping sitemafortyflex.exe
2023-03-24 14:36:04 - ProcessKill 6844
2023-03-24 14:36:04 - Found child process: 9672 Name: conhost.exe
2023-03-24 14:36:04 - Found child process: 9776 Name: node.exe
2023-03-24 14:36:04 - Stopping process 9672
2023-03-24 14:36:04 - Send SIGINT 9672
2023-03-24 14:36:04 - SIGINT to 9672 failed - Killing as fallback
2023-03-24 14:36:04 - Stopping process 9776
2023-03-24 14:36:04 - Send SIGINT 9776
2023-03-24 14:36:04 - SIGINT to 9776 failed - Killing as fallback
2023-03-24 14:36:04 - Stopping process 6844
2023-03-24 14:36:04 - Send SIGINT 6844
2023-03-24 14:36:04 - SIGINT to 6844 failed - Killing as fallback
2023-03-24 14:36:04 - Finished sitemafortyflex.exe
2023-03-24 14:36:12 - Starting C:\Program Files\nodejs\node.exe  --harmony C:\Users\elian\Documents\Sistema_de_Cobranca\lab_eng_software_backend\node_modules\node-windows\lib\wrapper.js --file C:\Users\elian\Documents\Sistema_de_Cobranca\lab_eng_software_backend\server.js --scriptoptions= --log "SitemaFortyflex wrapper" --grow 0.25 --wait 1 --maxrestarts 3 --abortonerror n --stopparentfirst undefined
2023-03-24 14:36:12 - Started 9908
2023-03-24 14:36:30 - Stopping sitemafortyflex.exe
2023-03-24 14:36:30 - ProcessKill 9908
2023-03-24 14:36:30 - Found child process: 20188 Name: conhost.exe
2023-03-24 14:36:30 - Found child process: 1280 Name: node.exe
2023-03-24 14:36:30 - Stopping process 20188
2023-03-24 14:36:30 - Send SIGINT 20188
2023-03-24 14:36:30 - SIGINT to 20188 failed - Killing as fallback
2023-03-24 14:36:30 - Stopping process 1280
2023-03-24 14:36:30 - Send SIGINT 1280
2023-03-24 14:36:30 - SIGINT to 1280 failed - Killing as fallback
2023-03-24 14:36:30 - Stopping process 9908
2023-03-24 14:36:30 - Send SIGINT 9908
2023-03-24 14:36:30 - SIGINT to 9908 failed - Killing as fallback
2023-03-24 14:36:30 - Finished sitemafortyflex.exe
2023-03-24 14:41:06 - Starting C:\Program Files\nodejs\node.exe  --harmony C:\Users\elian\Documents\Sistema_de_Cobranca\lab_eng_software_backend\node_modules\node-windows\lib\wrapper.js --file C:\Users\elian\Documents\Sistema_de_Cobranca\lab_eng_software_backend\server.js --scriptoptions= --log "SitemaFortyflex wrapper" --grow 0.25 --wait 1 --maxrestarts 3 --abortonerror n --stopparentfirst undefined
2023-03-24 14:41:06 - Started 18780
2023-03-24 14:41:38 - Starting C:\Program Files\nodejs\node.exe  --harmony C:\Users\elian\Documents\Sistema_de_Cobranca\lab_eng_software_backend\node_modules\node-windows\lib\wrapper.js --file C:\Users\elian\Documents\Sistema_de_Cobranca\lab_eng_software_backend\server.js --scriptoptions= --log "SitemaFortyflex wrapper" --grow 0.25 --wait 1 --maxrestarts 3 --abortonerror n --stopparentfirst undefined
2023-03-24 14:41:38 - Started 17064
2023-03-24 14:41:57 - Starting C:\Program Files\nodejs\node.exe  --harmony C:\Users\elian\Documents\Sistema_de_Cobranca\lab_eng_software_backend\node_modules\node-windows\lib\wrapper.js --file C:\Users\elian\Documents\Sistema_de_Cobranca\lab_eng_software_backend\server.js --scriptoptions= --log "SitemaFortyflex wrapper" --grow 0.25 --wait 1 --maxrestarts 3 --abortonerror n --stopparentfirst undefined
2023-03-24 14:41:57 - Started 16108
2023-03-24 14:51:56 - Stopping sitemafortyflex.exe
2023-03-24 14:51:56 - ProcessKill 16108
2023-03-24 14:51:56 - Found child process: 20388 Name: conhost.exe
2023-03-24 14:51:56 - Found child process: 9556 Name: node.exe
2023-03-24 14:51:56 - Stopping process 20388
2023-03-24 14:51:56 - Send SIGINT 20388
2023-03-24 14:51:56 - SIGINT to 20388 failed - Killing as fallback
2023-03-24 14:51:56 - Stopping process 9556
2023-03-24 14:51:56 - Send SIGINT 9556
2023-03-24 14:51:56 - SIGINT to 9556 failed - Killing as fallback
2023-03-24 14:51:56 - Stopping process 16108
2023-03-24 14:51:56 - Send SIGINT 16108
2023-03-24 14:51:56 - SIGINT to 16108 failed - Killing as fallback
2023-03-24 14:51:56 - Finished sitemafortyflex.exe
2023-03-24 14:53:22 - Starting C:\Program Files\nodejs\node.exe  --harmony C:\Users\elian\Documents\Sistema_de_Cobranca\lab_eng_software_backend\node_modules\node-windows\lib\wrapper.js --file C:\Users\elian\Documents\Sistema_de_Cobranca\lab_eng_software_backend\server.js --scriptoptions= --log "SitemaFortyflex wrapper" --grow 0.25 --wait 1 --maxrestarts 3 --abortonerror n --stopparentfirst undefined
2023-03-24 14:53:22 - Started 1104
2023-03-24 14:57:08 - Stopping sitemafortyflex.exe
2023-03-24 14:57:08 - ProcessKill 1104
2023-03-24 14:57:08 - Found child process: 16000 Name: conhost.exe
2023-03-24 14:57:08 - Found child process: 15240 Name: node.exe
2023-03-24 14:57:08 - Stopping process 16000
2023-03-24 14:57:09 - Send SIGINT 16000
2023-03-24 14:57:09 - SIGINT to 16000 failed - Killing as fallback
2023-03-24 14:57:09 - Stopping process 15240
2023-03-24 14:57:09 - Send SIGINT 15240
2023-03-24 14:57:09 - SIGINT to 15240 failed - Killing as fallback
2023-03-24 14:57:09 - Stopping process 1104
2023-03-24 14:57:09 - Send SIGINT 1104
2023-03-24 14:57:09 - SIGINT to 1104 failed - Killing as fallback
2023-03-24 14:57:09 - Finished sitemafortyflex.exe
2023-03-24 15:02:37 - Starting C:\Program Files\nodejs\node.exe  --harmony C:\Users\elian\Documents\Sistema_de_Cobranca\lab_eng_software_backend\node_modules\node-windows\lib\wrapper.js --file C:\Users\elian\Documents\Sistema_de_Cobranca\lab_eng_software_backend\server.js --scriptoptions= --log "SitemaFortyflex wrapper" --grow 0.25 --wait 1 --maxrestarts 3 --abortonerror n --stopparentfirst undefined
2023-03-24 15:02:37 - Started 17388
2023-03-24 15:23:25 - Stopping sitemafortyflex.exe
2023-03-24 15:23:25 - ProcessKill 17388
2023-03-24 15:23:25 - Found child process: 19280 Name: conhost.exe
2023-03-24 15:23:25 - Found child process: 12044 Name: node.exe
2023-03-24 15:23:25 - Stopping process 19280
2023-03-24 15:23:25 - Send SIGINT 19280
2023-03-24 15:23:25 - SIGINT to 19280 failed - Killing as fallback
2023-03-24 15:23:25 - Stopping process 12044
2023-03-24 15:23:25 - Send SIGINT 12044
2023-03-24 15:23:25 - SIGINT to 12044 failed - Killing as fallback
2023-03-24 15:23:25 - Stopping process 17388
2023-03-24 15:23:25 - Send SIGINT 17388
2023-03-24 15:23:25 - SIGINT to 17388 failed - Killing as fallback
2023-03-24 15:23:25 - Finished sitemafortyflex.exe
