MANGUEIRA 32MM ASPIRADOR DE PÓ PRETA 50 MTS
100
MANGUEIRA 32MM ASPIRADOR DE PÓ PRETA 50 MTS
100
MANGUEIRA 32MM ASPIRADOR DE PÓ CRISTAL 50 MTS
50
MANGUEIRA 32MM ASPIRADOR DE PÓ CRISTAL 50 MTS
50
MANGUEIRA 32MM ASPIRADOR DE PÓ CRISTAL 50 MTS
50
MANGUEIRA P/ PISCINA 38MM ULTRAFLEX AZUL 50MT
100
MANGUEIRA P/ PISCINA 38MM ULTRAFLEX AZUL 50MT
100
MANGUEIRA P/ PISCINA 38MM ULTRAFLEX AZUL 50MT
100
MANGUEIRA P/ PISCINA 38MM ULTRAFLEX AZUL 50MT
100
MANGUEIRA P/ PISCINA 38MM ULTRAFLEX AZUL 50MT
100
MANGUEIRA P/ PISCINA 38MM ULTRAFLEX AZUL 50MT
100
MANGUEIRA P/ PISCINA 38MM ULTRAFLEX AZUL 50MT
350
MANGUEIRA P/ PISCINA 38MM ULTRAFLEX AZUL 50MT
350
MANGUEIRA P/ PISCINA 38MM ULTRAFLEX AZUL 50MT
350
MANGUEIRA P/ PISCINA 38MM AZUL E TRANSP - 50MT
50
MANGUEIRA P/ PISCINA 38MM AZUL E TRANSP - 50MT
50
MANGUEIRA P/ PISCINA 38MM AZUL E TRANSP - 50MT
50
MANGUEIRA P/ PISCINA 50MM AZUL E TRANSP - 30MT
30
MANGUEIRA P/ PISCINA 50MM AZUL E TRANSP - 30MT
30
MANGUEIRA P/ PISCINA 50MM AZUL E TRANSP - 30MT
30
MANGUEIRA P/ PISCINA 38MM ULTRAFLEX AZUL 50MT
550
MANGUEIRA P/ PISCINA 38MM ULTRAFLEX AZUL 50MT
550
MANGUEIRA P/ PISCINA 38MM ULTRAFLEX AZUL 50MT
550
MANGUEIRA P/ PISCINA 38MM ULTRAFLEX AZUL 50MT
50
MANGUEIRA P/ PISCINA 38MM ULTRAFLEX AZUL 50MT
50
MANGUEIRA P/ PISCINA 38MM ULTRAFLEX AZUL 50MT
50
MANGUEIRA P/ PISCINA 38MM ULTRAFLEX AZUL 50MT
100
MANGUEIRA P/ PISCINA 38MM ULTRAFLEX AZUL 50MT
100
MANGUEIRA P/ PISCINA 38MM ULTRAFLEX AZUL 50MT
100
MANGUEIRA P/ PISCINA 38MM EVA AZUL 50MT
100
MANGUEIRA P/ PISCINA 38MM EVA AZUL 50MT
100
MANGUEIRA P/ PISCINA 38MM EVA AZUL 50MT
100
MANGUEIRA P/ PISCINA 38MM EVA AZUL 50MT
100
MANGUEIRA P/ PISCINA 38MM AZUL E TRANSP - 30MT
420
MANGUEIRA P/ PISCINA 38MM AZUL E TRANSP - 30MT
420
MANGUEIRA P/ PISCINA 38MM AZUL E TRANSP - 30MT
420
MANGUEIRA P/ PISCINA 38MM AZUL E TRANSP - 50MT
100
MANGUEIRA P/ PISCINA 38MM AZUL E TRANSP - 50MT
100
MANGUEIRA P/ PISCINA 38MM AZUL E TRANSP - 50MT
100
MANGUEIRA P/ PISCINA 50MM AZUL E TRANSP - 30MT
30
MANGUEIRA P/ PISCINA 50MM AZUL E TRANSP - 30MT
30
MANGUEIRA P/ PISCINA 50MM AZUL E TRANSP - 30MT
30
MANGUEIRA P/ PISCINA 38MM ULTRAFLEX AZUL 50MT
300
MANGUEIRA P/ PISCINA 38MM ULTRAFLEX AZUL 50MT
300
MANGUEIRA P/ PISCINA 38MM ULTRAFLEX AZUL 50MT
300
MANGUEIRA P/ PISCINA 38MM ULTRAFLEX AZUL 50MT
500
MANGUEIRA P/ PISCINA 38MM ULTRAFLEX AZUL 50MT
500
MANGUEIRA P/ PISCINA 38MM ULTRAFLEX AZUL 50MT
500
MANGUEIRA P/ PISCINA 38MM EVA AZUL 30MT
300
MANGUEIRA P/ PISCINA 38MM EVA AZUL 30MT
300
MANGUEIRA P/ PISCINA 38MM EVA AZUL 30MT
120
MANGUEIRA P/ PISCINA 38MM EVA AZUL 30MT
120
MANGUEIRA P/ PISCINA 38MM ULTRAFLEX AZUL 30MT
120
MANGUEIRA P/ PISCINA 38MM ULTRAFLEX AZUL 30MT
120
MANGUEIRA P/ PISCINA 38MM ULTRAFLEX AZUL 30MT
120
MANGUEIRA P/ PISCINA 38MM ULTRAFLEX AZUL 50MT
250
MANGUEIRA P/ PISCINA 38MM ULTRAFLEX AZUL 50MT
250
MANGUEIRA P/ PISCINA 38MM ULTRAFLEX AZUL 50MT
250
MANGUEIRA P/ PISCINA 38MM ULTRAFLEX AZUL 50MT
550
MANGUEIRA P/ PISCINA 38MM ULTRAFLEX AZUL 50MT
550
MANGUEIRA P/ PISCINA 38MM ULTRAFLEX AZUL 50MT
550
MANGUEIRA P/ PISCINA 38MM ULTRAFLEX AZUL 50MT
550
MANGUEIRA P/ PISCINA 38MM ULTRAFLEX AZUL 50MT
550
MANGUEIRA P/ PISCINA 38MM ULTRAFLEX AZUL 50MT
550
MANGUEIRA P/ PISCINA 38MM ULTRAFLEX AZUL 50MT
350
MANGUEIRA P/ PISCINA 38MM ULTRAFLEX AZUL 50MT
350
MANGUEIRA P/ PISCINA 38MM ULTRAFLEX AZUL 50MT
350
MANGUEIRA P/ PISCINA 38MM AZUL E TRANSP - 50MT
100
MANGUEIRA P/ PISCINA 38MM AZUL E TRANSP - 50MT
100
MANGUEIRA P/ PISCINA 38MM AZUL E TRANSP - 50MT
100
MANGUEIRA P/ PISCINA 38MM EVA AZUL 50MT
150
MANGUEIRA P/ PISCINA 38MM EVA AZUL 50MT
150
MANGUEIRA P/ PISCINA 38MM ULTRAFLEX AZUL 50MT
100
MANGUEIRA P/ PISCINA 38MM ULTRAFLEX AZUL 50MT
100
MANGUEIRA P/ PISCINA 38MM ULTRAFLEX AZUL 50MT
100
MANGUEIRA P/ PISCINA 38MM ULTRAFLEX AZUL 50MT
500
MANGUEIRA P/ PISCINA 38MM ULTRAFLEX AZUL 50MT
500
MANGUEIRA P/ PISCINA 38MM ULTRAFLEX AZUL 50MT
500
MANGUEIRA P/ PISCINA 38MM ULTRAFLEX AZUL 50MT
400
MANGUEIRA P/ PISCINA 38MM ULTRAFLEX AZUL 50MT
400
MANGUEIRA P/ PISCINA 38MM ULTRAFLEX AZUL 50MT
400
MANGUEIRA P/ PISCINA 38MM AZUL E TRANSP - 50MT
600
MANGUEIRA P/ PISCINA 38MM AZUL E TRANSP - 50MT
600
MANGUEIRA P/ PISCINA 38MM AZUL E TRANSP - 50MT
600
MANGUEIRA P/ PISCINA 50MM AZUL E TRANSP - 50MT
50
MANGUEIRA P/ PISCINA 50MM AZUL E TRANSP - 50MT
50
MANGUEIRA P/ PISCINA 50MM AZUL E TRANSP - 50MT
50
MANGUEIRA P/ PISCINA 38MM EVA AZUL 30MT
30
MANGUEIRA P/ PISCINA 38MM EVA AZUL 30MT
30
MANGUEIRA P/ PISCINA 38MM EVA AZUL 50MT
200
MANGUEIRA P/ PISCINA 38MM EVA AZUL 50MT
200
MANGUEIRA P/ PISCINA 38MM EVA AZUL 50MT
300
MANGUEIRA P/ PISCINA 38MM EVA AZUL 50MT
300
MANGUEIRA P/ PISCINA 38MM ULTRAFLEX AZUL 50MT
50
MANGUEIRA P/ PISCINA 38MM ULTRAFLEX AZUL 50MT
50
MANGUEIRA P/ PISCINA 38MM ULTRAFLEX AZUL 50MT
50
MANGUEIRA P/ PISCINA 38MM ULTRAFLEX AZUL 50MT
100
MANGUEIRA P/ PISCINA 38MM ULTRAFLEX AZUL 50MT
100
MANGUEIRA P/ PISCINA 38MM ULTRAFLEX AZUL 50MT
100
MANGUEIRA P/ PISCINA 38MM ULTRAFLEX AZUL 50MT
100
MANGUEIRA P/ PISCINA 38MM ULTRAFLEX AZUL 50MT
100
MANGUEIRA P/ PISCINA 38MM ULTRAFLEX AZUL 50MT
100
MANGUEIRA P/ PISCINA 38MM AZUL E TRANSP - 30MT
600
MANGUEIRA P/ PISCINA 38MM AZUL E TRANSP - 30MT
600
MANGUEIRA P/ PISCINA 38MM AZUL E TRANSP - 30MT
600
MANGUEIRA P/ PISCINA 38MM AZUL E TRANSP - 50MT
550
MANGUEIRA P/ PISCINA 38MM AZUL E TRANSP - 50MT
550
MANGUEIRA P/ PISCINA 38MM AZUL E TRANSP - 50MT
550
MANGUEIRA P/ PISCINA 38MM AZUL E TRANSP - 50MT
500
MANGUEIRA P/ PISCINA 38MM AZUL E TRANSP - 50MT
500
MANGUEIRA P/ PISCINA 38MM AZUL E TRANSP - 50MT
500
MANGUEIRA P/ PISCINA 38MM EVA AZUL 30MT
180
MANGUEIRA P/ PISCINA 38MM EVA AZUL 30MT
180
MANGUEIRA P/ PISCINA 38MM EVA AZUL 50MT
100
MANGUEIRA P/ PISCINA 38MM EVA AZUL 50MT
100
MANGUEIRA 32MM ASPIRADOR DE PÓ CRISTAL 50 MTS
50
MANGUEIRA 32MM ASPIRADOR DE PÓ CRISTAL 50 MTS
50
MANGUEIRA 32MM ASPIRADOR DE PÓ CRISTAL 50 MTS
50
MANGUEIRA P/ PISCINA 38MM ULTRAFLEX AZUL 30MT
150
MANGUEIRA P/ PISCINA 38MM ULTRAFLEX AZUL 30MT
150
MANGUEIRA P/ PISCINA 38MM ULTRAFLEX AZUL 30MT
150
MANGUEIRA P/ PISCINA 38MM AZUL E TRANSP - 50MT
550
MANGUEIRA P/ PISCINA 38MM AZUL E TRANSP - 50MT
550
MANGUEIRA P/ PISCINA 38MM AZUL E TRANSP - 50MT
550
MANGUEIRA P/ PISCINA 38MM AZUL E TRANSP - 50MT
150
MANGUEIRA P/ PISCINA 38MM AZUL E TRANSP - 50MT
150
MANGUEIRA P/ PISCINA 38MM AZUL E TRANSP - 50MT
150
MANGUEIRA P/ PISCINA 25MM INTEX AZUL E BRANCA - 2MT
20
MANGUEIRA P/ PISCINA 25MM INTEX AZUL E BRANCA - 2MT
20
MANGUEIRA P/ PISCINA 25MM INTEX AZUL E BRANCA - 2MT
40
MANGUEIRA P/ PISCINA 25MM INTEX AZUL E BRANCA - 2MT
40
MANGUEIRA P/ PISCINA 25MM INTEX AZUL E BRANCA - 3MT
18
MANGUEIRA P/ PISCINA 25MM INTEX AZUL E BRANCA - 3MT
18
MANGUEIRA P/ PISCINA 25MM INTEX AZUL E BRANCA - 4MT
24
MANGUEIRA P/ PISCINA 25MM INTEX AZUL E BRANCA - 4MT
24
MANGUEIRA P/ PISCINA 25MM INTEX AZUL E BRANCA - 6MT
12
MANGUEIRA P/ PISCINA 25MM INTEX AZUL E BRANCA - 6MT
12
MANGUEIRA P/ PISCINA 38MM ULTRAFLEX AZUL 50MT
150
MANGUEIRA P/ PISCINA 38MM ULTRAFLEX AZUL 50MT
150
MANGUEIRA P/ PISCINA 38MM ULTRAFLEX AZUL 50MT
150
MANGUEIRA P/ PISCINA 38MM ULTRAFLEX AZUL 50MT
500
MANGUEIRA P/ PISCINA 38MM ULTRAFLEX AZUL 50MT
500
MANGUEIRA P/ PISCINA 38MM ULTRAFLEX AZUL 50MT
500
MANGUEIRA P/ PISCINA 38MM ULTRAFLEX AZUL 50MT
300
MANGUEIRA P/ PISCINA 38MM ULTRAFLEX AZUL 50MT
300
MANGUEIRA P/ PISCINA 38MM ULTRAFLEX AZUL 50MT
300
MANGUEIRA P/ PISCINA 38MM ULTRAFLEX AZUL 50MT
200
MANGUEIRA P/ PISCINA 38MM ULTRAFLEX AZUL 50MT
200
MANGUEIRA P/ PISCINA 38MM ULTRAFLEX AZUL 50MT
200
MANGUEIRA P/ PISCINA 25MM INTEX AZUL E BRANCA - 5MT
20
MANGUEIRA P/ PISCINA 25MM INTEX AZUL E BRANCA - 5MT
20
MANGUEIRA P/ PISCINA 25MM INTEX AZUL E BRANCA - 5MT
100
MANGUEIRA P/ PISCINA 25MM INTEX AZUL E BRANCA - 5MT
100
MANGUEIRA P/ PISCINA 38MM EVA AZUL 50MT
100
MANGUEIRA P/ PISCINA 38MM EVA AZUL 50MT
100
MANGUEIRA P/ PISCINA 38MM EVA AZUL 50MT
1000
MANGUEIRA P/ PISCINA 38MM EVA AZUL 50MT
1000
MANGUEIRA P/ PISCINA 38MM AZUL E TRANSP - 50MT
100
MANGUEIRA P/ PISCINA 38MM AZUL E TRANSP - 50MT
100
MANGUEIRA P/ PISCINA 38MM AZUL E TRANSP - 50MT
100
MANGUEIRA P/ PISCINA 38MM ULTRAFLEX AZUL 50MT
100
MANGUEIRA P/ PISCINA 38MM ULTRAFLEX AZUL 50MT
100
MANGUEIRA P/ PISCINA 38MM ULTRAFLEX AZUL 50MT
100
MANGUEIRA P/ PISCINA 38MM ULTRAFLEX AZUL 50MT
250
MANGUEIRA P/ PISCINA 38MM ULTRAFLEX AZUL 50MT
250
MANGUEIRA P/ PISCINA 38MM ULTRAFLEX AZUL 50MT
250
MANGUEIRA P/ PISCINA 38MM EVA AZUL 50MT
600
MANGUEIRA P/ PISCINA 38MM EVA AZUL 50MT
600
MANGUEIRA P/ PISCINA 38MM EVA AZUL 50MT
500
MANGUEIRA P/ PISCINA 38MM EVA AZUL 50MT
500
MANGUEIRA P/ PISCINA 38MM EVA AZUL 50MT
200
MANGUEIRA P/ PISCINA 38MM EVA AZUL 50MT
200
MANGUEIRA P/ PISCINA 38MM EVA AZUL 50MT
250
MANGUEIRA P/ PISCINA 38MM EVA AZUL 50MT
250
MANGUEIRA P/ PISCINA 38MM ULTRAFLEX AZUL 30MT
90
MANGUEIRA P/ PISCINA 38MM ULTRAFLEX AZUL 30MT
90
MANGUEIRA P/ PISCINA 38MM ULTRAFLEX AZUL 30MT
90
MANGUEIRA P/ PISCINA 38MM ULTRAFLEX AZUL 50MT
300
MANGUEIRA P/ PISCINA 38MM ULTRAFLEX AZUL 50MT
300
MANGUEIRA P/ PISCINA 38MM ULTRAFLEX AZUL 50MT
300
MANGUEIRA P/ PISCINA 38MM ULTRAFLEX AZUL 50MT
400
MANGUEIRA P/ PISCINA 38MM ULTRAFLEX AZUL 50MT
400
MANGUEIRA P/ PISCINA 38MM ULTRAFLEX AZUL 50MT
400
MANGUEIRA P/ PISCINA 38MM AZUL E TRANSP - 50MT
750
MANGUEIRA P/ PISCINA 38MM AZUL E TRANSP - 50MT
750
MANGUEIRA P/ PISCINA 38MM AZUL E TRANSP - 50MT
750
MANGUEIRA P/ PISCINA 38MM ULTRAFLEX AZUL 50MT
400
MANGUEIRA P/ PISCINA 38MM ULTRAFLEX AZUL 50MT
400
MANGUEIRA P/ PISCINA 38MM ULTRAFLEX AZUL 50MT
400
MANGUEIRA P/ PISCINA 38MM ULTRAFLEX AZUL 50MT
200
MANGUEIRA P/ PISCINA 38MM ULTRAFLEX AZUL 50MT
200
MANGUEIRA P/ PISCINA 38MM ULTRAFLEX AZUL 50MT
200
MANGUEIRA P/ PISCINA 38MM ULTRAFLEX AZUL 50MT
350
MANGUEIRA P/ PISCINA 38MM ULTRAFLEX AZUL 50MT
350
MANGUEIRA P/ PISCINA 38MM ULTRAFLEX AZUL 50MT
350
MANGUEIRA P/ PISCINA 38MM ULTRAFLEX AZUL 50MT
50
MANGUEIRA P/ PISCINA 38MM ULTRAFLEX AZUL 50MT
50
MANGUEIRA P/ PISCINA 38MM ULTRAFLEX AZUL 50MT
50
MANGUEIRA P/ PISCINA 38MM ULTRAFLEX VERDE 50MT
200
MANGUEIRA P/ PISCINA 38MM ULTRAFLEX VERDE 50MT
200
MANGUEIRA P/ PISCINA 38MM ULTRAFLEX VERDE 50MT
200
MANGUEIRA P/ PISCINA 38MM EVA AZUL 50MT
300
MANGUEIRA P/ PISCINA 38MM EVA AZUL 50MT
300
MANGUEIRA P/ PISCINA 38MM ULTRAFLEX AZUL 50MT
50
MANGUEIRA P/ PISCINA 38MM ULTRAFLEX AZUL 50MT
50
MANGUEIRA P/ PISCINA 38MM ULTRAFLEX AZUL 50MT
50
MANGUEIRA P/ PISCINA 38MM AZUL E TRANSP - 50MT
300
MANGUEIRA P/ PISCINA 38MM AZUL E TRANSP - 50MT
300
MANGUEIRA P/ PISCINA 38MM AZUL E TRANSP - 50MT
300
MANGUEIRA P/ PISCINA 38MM EVA AZUL 50MT
550
MANGUEIRA P/ PISCINA 38MM EVA AZUL 50MT
550
MANGUEIRA P/ PISCINA 38MM EVA AZUL 50MT
200
MANGUEIRA P/ PISCINA 38MM EVA AZUL 50MT
200
MANGUEIRA P/ PISCINA 38MM EVA AZUL 50MT
100
MANGUEIRA P/ PISCINA 38MM EVA AZUL 50MT
100
MANGUEIRA 32MM ASPIRADOR DE PÓ CRISTAL 50 MTS
50
MANGUEIRA 32MM ASPIRADOR DE PÓ CRISTAL 50 MTS
50
MANGUEIRA 32MM ASPIRADOR DE PÓ CRISTAL 50 MTS
50
MANGUEIRA 32MM ASPIRADOR DE PÓ CRISTAL 50 MTS
100
MANGUEIRA 32MM ASPIRADOR DE PÓ CRISTAL 50 MTS
100
MANGUEIRA 32MM ASPIRADOR DE PÓ CRISTAL 50 MTS
100
MANGUEIRA P/ PISCINA 38MM ULTRAFLEX AZUL 30MT
90
MANGUEIRA P/ PISCINA 38MM ULTRAFLEX AZUL 30MT
90
MANGUEIRA P/ PISCINA 38MM ULTRAFLEX AZUL 30MT
90
MANGUEIRA P/ PISCINA 38MM ULTRAFLEX AZUL 50MT
300
MANGUEIRA P/ PISCINA 38MM ULTRAFLEX AZUL 50MT
300
MANGUEIRA P/ PISCINA 38MM ULTRAFLEX AZUL 50MT
300
MANGUEIRA P/ PISCINA 38MM ULTRAFLEX AZUL 50MT
50
MANGUEIRA P/ PISCINA 38MM ULTRAFLEX AZUL 50MT
50
MANGUEIRA P/ PISCINA 38MM ULTRAFLEX AZUL 50MT
50
MANGUEIRA P/ PISCINA 38MM ULTRAFLEX AZUL 50MT
500
MANGUEIRA P/ PISCINA 38MM ULTRAFLEX AZUL 50MT
500
MANGUEIRA P/ PISCINA 38MM ULTRAFLEX AZUL 50MT
500
MANGUEIRA P/ PISCINA 38MM ULTRAFLEX AZUL 50MT
500
MANGUEIRA P/ PISCINA 38MM ULTRAFLEX AZUL 50MT
500
MANGUEIRA P/ PISCINA 38MM ULTRAFLEX AZUL 50MT
500
MANGUEIRA P/ PISCINA 38MM AZUL E TRANSP - 50MT
250
MANGUEIRA P/ PISCINA 38MM AZUL E TRANSP - 50MT
250
MANGUEIRA P/ PISCINA 38MM AZUL E TRANSP - 50MT
250
MANGUEIRA P/ PISCINA 50MM AZUL E TRANSP - 30MT
30
MANGUEIRA P/ PISCINA 50MM AZUL E TRANSP - 30MT
30
MANGUEIRA P/ PISCINA 50MM AZUL E TRANSP - 30MT
30
MANGUEIRA P/ PISCINA 38MM EVA AZUL 30MT
60
MANGUEIRA P/ PISCINA 38MM EVA AZUL 30MT
60
MANGUEIRA P/ PISCINA 38MM EVA AZUL 30MT
30
MANGUEIRA P/ PISCINA 38MM EVA AZUL 30MT
30
MANGUEIRA P/ PISCINA 38MM EVA AZUL 30MT
120
MANGUEIRA P/ PISCINA 38MM EVA AZUL 30MT
120
MANGUEIRA P/ PISCINA 38MM EVA AZUL 50MT
400
MANGUEIRA P/ PISCINA 38MM EVA AZUL 50MT
400
MANGUEIRA 32MM ASPIRADOR DE PÓ CRISTAL 50 MTS
50
MANGUEIRA 32MM ASPIRADOR DE PÓ CRISTAL 50 MTS
50
MANGUEIRA 32MM ASPIRADOR DE PÓ CRISTAL 50 MTS
50
MANGUEIRA P/ PISCINA 38MM ULTRAFLEX AZUL 30MT
60
MANGUEIRA P/ PISCINA 38MM ULTRAFLEX AZUL 30MT
60
MANGUEIRA P/ PISCINA 38MM ULTRAFLEX AZUL 30MT
60
MANGUEIRA P/ PISCINA 38MM ULTRAFLEX AZUL 30MT
120
MANGUEIRA P/ PISCINA 38MM ULTRAFLEX AZUL 30MT
120
MANGUEIRA P/ PISCINA 38MM ULTRAFLEX AZUL 30MT
120
MANGUEIRA P/ PISCINA 38MM ULTRAFLEX AZUL 30MT
180
MANGUEIRA P/ PISCINA 38MM ULTRAFLEX AZUL 30MT
180
MANGUEIRA P/ PISCINA 38MM ULTRAFLEX AZUL 30MT
180
MANGUEIRA P/ PISCINA 38MM ULTRAFLEX AZUL 50MT
100
MANGUEIRA P/ PISCINA 38MM ULTRAFLEX AZUL 50MT
100
MANGUEIRA P/ PISCINA 38MM ULTRAFLEX AZUL 50MT
100
MANGUEIRA P/ PISCINA 38MM ULTRAFLEX AZUL 50MT
500
MANGUEIRA P/ PISCINA 38MM ULTRAFLEX AZUL 50MT
500
MANGUEIRA P/ PISCINA 38MM ULTRAFLEX AZUL 50MT
500
MANGUEIRA P/ PISCINA 38MM ULTRAFLEX AZUL 50MT
150
MANGUEIRA P/ PISCINA 38MM ULTRAFLEX AZUL 50MT
150
MANGUEIRA P/ PISCINA 38MM ULTRAFLEX AZUL 50MT
150
MANGUEIRA P/ PISCINA 38MM ULTRAFLEX AZUL 50MT
200
MANGUEIRA P/ PISCINA 38MM ULTRAFLEX AZUL 50MT
200
MANGUEIRA P/ PISCINA 38MM ULTRAFLEX AZUL 50MT
200
MANGUEIRA P/ PISCINA 38MM AZUL E TRANSP - 30MT
120
MANGUEIRA P/ PISCINA 38MM AZUL E TRANSP - 30MT
120
MANGUEIRA P/ PISCINA 38MM AZUL E TRANSP - 30MT
120
MANGUEIRA P/ PISCINA 38MM AZUL E TRANSP - 50MT
500
MANGUEIRA P/ PISCINA 38MM AZUL E TRANSP - 50MT
500
MANGUEIRA P/ PISCINA 38MM AZUL E TRANSP - 50MT
500
MANGUEIRA P/ PISCINA 38MM AZUL E TRANSP - 50MT
200
MANGUEIRA P/ PISCINA 38MM AZUL E TRANSP - 50MT
200
MANGUEIRA P/ PISCINA 38MM AZUL E TRANSP - 50MT
200
MANGUEIRA P/ PISCINA 38MM EVA AZUL 50MT
300
MANGUEIRA P/ PISCINA 38MM EVA AZUL 50MT
300
MANGUEIRA P/ PISCINA 38MM ULTRAFLEX AZUL 50MT
100
MANGUEIRA P/ PISCINA 38MM ULTRAFLEX AZUL 50MT
100
MANGUEIRA P/ PISCINA 38MM ULTRAFLEX AZUL 50MT
100
MANGUEIRA P/ PISCINA 38MM ULTRAFLEX AZUL 50MT
600
MANGUEIRA P/ PISCINA 38MM ULTRAFLEX AZUL 50MT
600
MANGUEIRA P/ PISCINA 38MM ULTRAFLEX AZUL 50MT
600
MANGUEIRA P/ PISCINA 38MM ULTRAFLEX AZUL 50MT
250
MANGUEIRA P/ PISCINA 38MM ULTRAFLEX AZUL 50MT
250
MANGUEIRA P/ PISCINA 38MM ULTRAFLEX AZUL 50MT
250
MANGUEIRA P/ PISCINA 38MM ULTRAFLEX AZUL 50MT
600
MANGUEIRA P/ PISCINA 38MM ULTRAFLEX AZUL 50MT
600
MANGUEIRA P/ PISCINA 38MM ULTRAFLEX AZUL 50MT
600
MANGUEIRA P/ PISCINA 38MM ULTRAFLEX AZUL 50MT
50
MANGUEIRA P/ PISCINA 38MM ULTRAFLEX AZUL 50MT
50
MANGUEIRA P/ PISCINA 38MM ULTRAFLEX AZUL 50MT
50
MANGUEIRA P/ PISCINA 38MM AZUL E TRANSP - 30MT
30
MANGUEIRA P/ PISCINA 38MM AZUL E TRANSP - 30MT
30
MANGUEIRA P/ PISCINA 38MM AZUL E TRANSP - 30MT
30
MANGUEIRA P/ PISCINA 38MM AZUL E TRANSP - 50MT
100
MANGUEIRA P/ PISCINA 38MM AZUL E TRANSP - 50MT
100
MANGUEIRA P/ PISCINA 38MM AZUL E TRANSP - 50MT
100
MANGUEIRA P/ PISCINA 38MM EVA AZUL 30MT
120
MANGUEIRA P/ PISCINA 38MM EVA AZUL 30MT
120
MANGUEIRA P/ PISCINA 38MM EVA AZUL 50MT
150
MANGUEIRA P/ PISCINA 38MM EVA AZUL 50MT
150
MANGUEIRA P/ PISCINA 38MM EVA AZUL 50MT
200
MANGUEIRA P/ PISCINA 38MM EVA AZUL 50MT
200
MANGUEIRA 32MM ASPIRADOR DE PÓ CRISTAL 50 MTS
100
MANGUEIRA 32MM ASPIRADOR DE PÓ CRISTAL 50 MTS
100
MANGUEIRA 32MM ASPIRADOR DE PÓ CRISTAL 50 MTS
100
MANGUEIRA P/ PISCINA 38MM ULTRAFLEX AZUL 30MT
60
MANGUEIRA P/ PISCINA 38MM ULTRAFLEX AZUL 30MT
60
MANGUEIRA P/ PISCINA 38MM ULTRAFLEX AZUL 30MT
60
MANGUEIRA P/ PISCINA 38MM ULTRAFLEX AZUL 50MT
500
MANGUEIRA P/ PISCINA 38MM ULTRAFLEX AZUL 50MT
500
MANGUEIRA P/ PISCINA 38MM ULTRAFLEX AZUL 50MT
500
MANGUEIRA P/ PISCINA 38MM ULTRAFLEX AZUL 50MT
50
MANGUEIRA P/ PISCINA 38MM ULTRAFLEX AZUL 50MT
50
MANGUEIRA P/ PISCINA 38MM ULTRAFLEX AZUL 50MT
50
MANGUEIRA P/ PISCINA 38MM ULTRAFLEX AZUL 50MT
250
MANGUEIRA P/ PISCINA 38MM ULTRAFLEX AZUL 50MT
250
MANGUEIRA P/ PISCINA 38MM ULTRAFLEX AZUL 50MT
250
MANGUEIRA P/ PISCINA 38MM ULTRAFLEX AZUL 50MT
100
MANGUEIRA P/ PISCINA 38MM ULTRAFLEX AZUL 50MT
100
MANGUEIRA P/ PISCINA 38MM ULTRAFLEX AZUL 50MT
100
MANGUEIRA P/ PISCINA 38MM ULTRAFLEX AZUL 50MT
150
MANGUEIRA P/ PISCINA 38MM ULTRAFLEX AZUL 50MT
150
MANGUEIRA P/ PISCINA 38MM ULTRAFLEX AZUL 50MT
150
MANGUEIRA P/ PISCINA 38MM ULTRAFLEX AZUL 50MT
100
MANGUEIRA P/ PISCINA 38MM ULTRAFLEX AZUL 50MT
100
MANGUEIRA P/ PISCINA 38MM ULTRAFLEX AZUL 50MT
100
MANGUEIRA P/ PISCINA 38MM ULTRAFLEX AZUL 50MT
250
MANGUEIRA P/ PISCINA 38MM ULTRAFLEX AZUL 50MT
250
MANGUEIRA P/ PISCINA 38MM ULTRAFLEX AZUL 50MT
250
MANGUEIRA P/ PISCINA 38MM AZUL E TRANSP - 30MT
90
MANGUEIRA P/ PISCINA 38MM AZUL E TRANSP - 30MT
90
MANGUEIRA P/ PISCINA 38MM AZUL E TRANSP - 30MT
90
MANGUEIRA P/ PISCINA 38MM AZUL E TRANSP - 50MT
50
MANGUEIRA P/ PISCINA 38MM AZUL E TRANSP - 50MT
50
MANGUEIRA P/ PISCINA 38MM AZUL E TRANSP - 50MT
50
MANGUEIRA P/ PISCINA 38MM AZUL E TRANSP - 50MT
100
MANGUEIRA P/ PISCINA 38MM AZUL E TRANSP - 50MT
100
MANGUEIRA P/ PISCINA 38MM AZUL E TRANSP - 50MT
100
MANGUEIRA P/ PISCINA 38MM EVA AZUL E BRANCA - 30MT
60
MANGUEIRA P/ PISCINA 38MM EVA AZUL E BRANCA - 30MT
60
MANGUEIRA P/ PISCINA 38MM EVA AZUL 30MT
180
MANGUEIRA P/ PISCINA 38MM EVA AZUL 30MT
180
MANGUEIRA P/ PISCINA 38MM EVA AZUL 50MT
300
MANGUEIRA P/ PISCINA 38MM EVA AZUL 50MT
300
MANGUEIRA P/ PISCINA 38MM ULTRAFLEX 6 MT
18
MANGUEIRA P/ PISCINA 38MM ULTRAFLEX 6 MT
18
MANGUEIRA P/ PISCINA 38MM ULTRAFLEX 6 MT
18
MANGUEIRA P/ PISCINA 38MM ULTRAFLEX 7 MT
21
MANGUEIRA P/ PISCINA 38MM ULTRAFLEX 7 MT
21
MANGUEIRA P/ PISCINA 38MM ULTRAFLEX 7 MT
21
MANGUEIRA P/ PISCINA 38MM ULTRAFLEX 8 MT
48
MANGUEIRA P/ PISCINA 38MM ULTRAFLEX 8 MT
48
MANGUEIRA P/ PISCINA 38MM ULTRAFLEX 8 MT
48
MANGUEIRA P/ PISCINA 38MM ULTRAFLEX AZUL 30MT
90
MANGUEIRA P/ PISCINA 38MM ULTRAFLEX AZUL 30MT
90
MANGUEIRA P/ PISCINA 38MM ULTRAFLEX AZUL 30MT
90
MANGUEIRA P/ PISCINA 38MM ULTRAFLEX AZUL 50MT
200
MANGUEIRA P/ PISCINA 38MM ULTRAFLEX AZUL 50MT
200
MANGUEIRA P/ PISCINA 38MM ULTRAFLEX AZUL 50MT
200
MANGUEIRA P/ PISCINA 38MM ULTRAFLEX AZUL 50MT
550
MANGUEIRA P/ PISCINA 38MM ULTRAFLEX AZUL 50MT
550
MANGUEIRA P/ PISCINA 38MM ULTRAFLEX AZUL 50MT
550
MANGUEIRA P/ PISCINA 38MM ULTRAFLEX AZUL 50MT
200
MANGUEIRA P/ PISCINA 38MM ULTRAFLEX AZUL 50MT
200
MANGUEIRA P/ PISCINA 38MM ULTRAFLEX AZUL 50MT
200
MANGUEIRA P/ PISCINA 38MM ULTRAFLEX AZUL 50MT
50
MANGUEIRA P/ PISCINA 38MM ULTRAFLEX AZUL 50MT
50
MANGUEIRA P/ PISCINA 38MM ULTRAFLEX AZUL 50MT
50
MANGUEIRA P/ PISCINA 38MM ULTRAFLEX AZUL 50MT
100
MANGUEIRA P/ PISCINA 38MM ULTRAFLEX AZUL 50MT
100
MANGUEIRA P/ PISCINA 38MM ULTRAFLEX AZUL 50MT
100
MANGUEIRA P/ PISCINA 38MM ULTRAFLEX AZUL 50MT
50
MANGUEIRA P/ PISCINA 38MM ULTRAFLEX AZUL 50MT
50
MANGUEIRA P/ PISCINA 38MM ULTRAFLEX AZUL 50MT
50
MANGUEIRA  P/ PISCINA 38MM ULTRAFLEX 4 MT
12
MANGUEIRA  P/ PISCINA 38MM ULTRAFLEX 4 MT
12
MANGUEIRA  P/ PISCINA 38MM ULTRAFLEX 4 MT
12
MANGUEIRA  P/ PISCINA 38MM ULTRAFLEX 11 MT
33
MANGUEIRA  P/ PISCINA 38MM ULTRAFLEX 11 MT
33
MANGUEIRA  P/ PISCINA 38MM ULTRAFLEX 11 MT
33
MANGUEIRA P/ PISCINA 38MM EVA AZUL E BRANCA - 50MT
150
MANGUEIRA P/ PISCINA 38MM EVA AZUL E BRANCA - 50MT
150
MANGUEIRA P/ PISCINA 38MM EVA AZUL 50MT
200
MANGUEIRA P/ PISCINA 38MM EVA AZUL 50MT
200
MANGUEIRA P/ PISCINA 38MM EVA AZUL 50MT
150
MANGUEIRA P/ PISCINA 38MM EVA AZUL 50MT
150
MANGUEIRA P/ PISCINA 38MM ULTRAFLEX AZUL 30MT
240
MANGUEIRA P/ PISCINA 38MM ULTRAFLEX AZUL 30MT
240
MANGUEIRA P/ PISCINA 38MM ULTRAFLEX AZUL 30MT
240
MANGUEIRA P/ PISCINA 38MM ULTRAFLEX AZUL 50MT
200
MANGUEIRA P/ PISCINA 38MM ULTRAFLEX AZUL 50MT
200
MANGUEIRA P/ PISCINA 38MM ULTRAFLEX AZUL 50MT
200
MANGUEIRA P/ PISCINA 38MM ULTRAFLEX AZUL 50MT
50
MANGUEIRA P/ PISCINA 38MM ULTRAFLEX AZUL 50MT
50
MANGUEIRA P/ PISCINA 38MM ULTRAFLEX AZUL 50MT
50
MANGUEIRA P/ PISCINA 38MM ULTRAFLEX AZUL 50MT
300
MANGUEIRA P/ PISCINA 38MM ULTRAFLEX AZUL 50MT
300
MANGUEIRA P/ PISCINA 38MM ULTRAFLEX AZUL 50MT
300
MANGUEIRA P/ PISCINA 38MM ULTRAFLEX AZUL 50MT
50
MANGUEIRA P/ PISCINA 38MM ULTRAFLEX AZUL 50MT
50
MANGUEIRA P/ PISCINA 38MM ULTRAFLEX AZUL 50MT
50
MANGUEIRA P/ PISCINA 38MM AZUL E TRANSP - 30MT
150
MANGUEIRA P/ PISCINA 38MM AZUL E TRANSP - 30MT
150
MANGUEIRA P/ PISCINA 38MM AZUL E TRANSP - 30MT
150
MANGUEIRA P/ PISCINA 38MM AZUL E TRANSP - 50MT
50
MANGUEIRA P/ PISCINA 38MM AZUL E TRANSP - 50MT
50
MANGUEIRA P/ PISCINA 38MM AZUL E TRANSP - 50MT
50
MANGUEIRA P/ PISCINA 38MM AZUL E TRANSP - 50MT
50
MANGUEIRA P/ PISCINA 38MM AZUL E TRANSP - 50MT
50
MANGUEIRA P/ PISCINA 38MM AZUL E TRANSP - 50MT
50
MANGUEIRA P/ PISCINA 38MM AZUL E TRANSP - 50MT
100
MANGUEIRA P/ PISCINA 38MM AZUL E TRANSP - 50MT
100
MANGUEIRA P/ PISCINA 38MM AZUL E TRANSP - 50MT
100
MANGUEIRA P/ PISCINA 38MM EVA AZUL 50MT
350
MANGUEIRA P/ PISCINA 38MM EVA AZUL 50MT
350
MANGUEIRA P/ PISCINA 38MM EVA AZUL 50MT
50
MANGUEIRA P/ PISCINA 38MM EVA AZUL 50MT
50
MANGUEIRA P/ PISCINA 38MM ULTRAFLEX AZUL 50MT
150
MANGUEIRA P/ PISCINA 38MM ULTRAFLEX AZUL 50MT
150
MANGUEIRA P/ PISCINA 38MM ULTRAFLEX AZUL 50MT
150
MANGUEIRA P/ PISCINA 38MM ULTRAFLEX AZUL 50MT
500
MANGUEIRA P/ PISCINA 38MM ULTRAFLEX AZUL 50MT
500
MANGUEIRA P/ PISCINA 38MM ULTRAFLEX AZUL 50MT
500
MANGUEIRA P/ PISCINA 38MM ULTRAFLEX AZUL 50MT
250
MANGUEIRA P/ PISCINA 38MM ULTRAFLEX AZUL 50MT
250
MANGUEIRA P/ PISCINA 38MM ULTRAFLEX AZUL 50MT
250
MANGUEIRA P/ PISCINA 38MM AZUL E TRANSP - 50MT
250
MANGUEIRA P/ PISCINA 38MM AZUL E TRANSP - 50MT
250
MANGUEIRA P/ PISCINA 38MM AZUL E TRANSP - 50MT
250
MANGUEIRA P/ PISCINA 38MM EVA AZUL 50MT
100
MANGUEIRA P/ PISCINA 38MM EVA AZUL 50MT
100
MANGUEIRA P/ PISCINA 38MM EVA AZUL 50MT
200
MANGUEIRA P/ PISCINA 38MM EVA AZUL 50MT
200
MANGUEIRA P/ PISCINA 38MM EVA AZUL 50MT
100
MANGUEIRA P/ PISCINA 38MM EVA AZUL 50MT
100
MANGUEIRA P/ PISCINA 38MM EVA AZUL 50MT
750
MANGUEIRA P/ PISCINA 38MM EVA AZUL 50MT
750
MANGUEIRA P/ PISCINA 38MM EVA AZUL 50MT
100
MANGUEIRA P/ PISCINA 38MM EVA AZUL 50MT
100
MANGUEIRA P/ PISCINA 38MM ULTRAFLEX AZUL 50MT
250
MANGUEIRA P/ PISCINA 38MM ULTRAFLEX AZUL 50MT
250
MANGUEIRA P/ PISCINA 38MM ULTRAFLEX AZUL 50MT
250
MANGUEIRA P/ PISCINA 38MM ULTRAFLEX AZUL 50MT
150
MANGUEIRA P/ PISCINA 38MM ULTRAFLEX AZUL 50MT
150
MANGUEIRA P/ PISCINA 38MM ULTRAFLEX AZUL 50MT
150
MANGUEIRA P/ PISCINA 38MM ULTRAFLEX AZUL 50MT
150
MANGUEIRA P/ PISCINA 38MM ULTRAFLEX AZUL 50MT
150
MANGUEIRA P/ PISCINA 38MM ULTRAFLEX AZUL 50MT
150
MANGUEIRA P/ PISCINA 38MM ULTRAFLEX AZUL 50MT
1000
MANGUEIRA P/ PISCINA 38MM ULTRAFLEX AZUL 50MT
1000
MANGUEIRA P/ PISCINA 38MM ULTRAFLEX AZUL 50MT
1000
MANGUEIRA P/ PISCINA 38MM ULTRAFLEX AZUL 50MT
200
MANGUEIRA P/ PISCINA 38MM ULTRAFLEX AZUL 50MT
200
MANGUEIRA P/ PISCINA 38MM ULTRAFLEX AZUL 50MT
200
MANGUEIRA P/ PISCINA 38MM ULTRAFLEX AZUL 50MT
300
MANGUEIRA P/ PISCINA 38MM ULTRAFLEX AZUL 50MT
300
MANGUEIRA P/ PISCINA 38MM ULTRAFLEX AZUL 50MT
300
MANGUEIRA P/ PISCINA 38MM ULTRAFLEX AZUL 50MT
100
MANGUEIRA P/ PISCINA 38MM ULTRAFLEX AZUL 50MT
100
MANGUEIRA P/ PISCINA 38MM ULTRAFLEX AZUL 50MT
100
MANGUEIRA P/ PISCINA 38MM AZUL E TRANSP - 50MT
150
MANGUEIRA P/ PISCINA 38MM AZUL E TRANSP - 50MT
150
MANGUEIRA P/ PISCINA 38MM AZUL E TRANSP - 50MT
150
MANGUEIRA P/ PISCINA 38MM AZUL E TRANSP - 50MT
200
MANGUEIRA P/ PISCINA 38MM AZUL E TRANSP - 50MT
200
MANGUEIRA P/ PISCINA 38MM AZUL E TRANSP - 50MT
200
MANGUEIRA P/ PISCINA 38MM AZUL E TRANSP - 50MT
250
MANGUEIRA P/ PISCINA 38MM AZUL E TRANSP - 50MT
250
MANGUEIRA P/ PISCINA 38MM AZUL E TRANSP - 50MT
250
MANGUEIRA P/ PISCINA 38MM EVA AZUL 30MT
90
MANGUEIRA P/ PISCINA 38MM EVA AZUL 30MT
90
MANGUEIRA P/ PISCINA 38MM EVA AZUL 50MT
500
MANGUEIRA P/ PISCINA 38MM EVA AZUL 50MT
500
MANGUEIRA P/ PISCINA 38MM EVA AZUL 50MT
100
MANGUEIRA P/ PISCINA 38MM EVA AZUL 50MT
100
MANGUEIRA P/ PISCINA 38MM EVA AZUL 50MT
300
MANGUEIRA P/ PISCINA 38MM EVA AZUL 50MT
300
MANGUEIRA P/ PISCINA 38MM EVA AZUL 50MT
150
MANGUEIRA P/ PISCINA 38MM EVA AZUL 50MT
150
MANGUEIRA P/ PISCINA 38MM EVA AZUL 50MT
300
MANGUEIRA P/ PISCINA 38MM EVA AZUL 50MT
300
MANGUEIRA P/ PISCINA 38MM EVA AZUL 50MT
150
MANGUEIRA P/ PISCINA 38MM EVA AZUL 50MT
150
MANGUEIRA P/ PISCINA 38MM ULTRAFLEX AZUL 30MT
150
MANGUEIRA P/ PISCINA 38MM ULTRAFLEX AZUL 30MT
150
MANGUEIRA P/ PISCINA 38MM ULTRAFLEX AZUL 30MT
150
MANGUEIRA P/ PISCINA 38MM ULTRAFLEX AZUL 30MT
60
MANGUEIRA P/ PISCINA 38MM ULTRAFLEX AZUL 30MT
60
MANGUEIRA P/ PISCINA 38MM ULTRAFLEX AZUL 30MT
60
MANGUEIRA P/ PISCINA 38MM ULTRAFLEX AZUL 50MT
500
MANGUEIRA P/ PISCINA 38MM ULTRAFLEX AZUL 50MT
500
MANGUEIRA P/ PISCINA 38MM ULTRAFLEX AZUL 50MT
500
MANGUEIRA P/ PISCINA 38MM ULTRAFLEX AZUL 50MT
500
MANGUEIRA P/ PISCINA 38MM ULTRAFLEX AZUL 50MT
500
MANGUEIRA P/ PISCINA 38MM ULTRAFLEX AZUL 50MT
500
MANGUEIRA P/ PISCINA 38MM ULTRAFLEX AZUL 50MT
200
MANGUEIRA P/ PISCINA 38MM ULTRAFLEX AZUL 50MT
200
MANGUEIRA P/ PISCINA 38MM ULTRAFLEX AZUL 50MT
200
MANGUEIRA P/ PISCINA 38MM ULTRAFLEX AZUL 50MT
500
MANGUEIRA P/ PISCINA 38MM ULTRAFLEX AZUL 50MT
500
MANGUEIRA P/ PISCINA 38MM ULTRAFLEX AZUL 50MT
500
MANGUEIRA P/ PISCINA 38MM ULTRAFLEX AZUL 50MT
100
MANGUEIRA P/ PISCINA 38MM ULTRAFLEX AZUL 50MT
100
MANGUEIRA P/ PISCINA 38MM ULTRAFLEX AZUL 50MT
100
MANGUEIRA P/ PISCINA 38MM ULTRAFLEX AZUL 50MT
50
MANGUEIRA P/ PISCINA 38MM ULTRAFLEX AZUL 50MT
50
MANGUEIRA P/ PISCINA 38MM ULTRAFLEX AZUL 50MT
50
MANGUEIRA P/ PISCINA 38MM ULTRAFLEX AZUL 50MT
200
MANGUEIRA P/ PISCINA 38MM ULTRAFLEX AZUL 50MT
200
MANGUEIRA P/ PISCINA 38MM ULTRAFLEX AZUL 50MT
200
MANGUEIRA P/ PISCINA 38MM ULTRAFLEX AZUL 50MT
150
MANGUEIRA P/ PISCINA 38MM ULTRAFLEX AZUL 50MT
150
MANGUEIRA P/ PISCINA 38MM ULTRAFLEX AZUL 50MT
150
MANGUEIRA P/ PISCINA 38MM ULTRAFLEX AZUL 50MT
250
MANGUEIRA P/ PISCINA 38MM ULTRAFLEX AZUL 50MT
250
MANGUEIRA P/ PISCINA 38MM ULTRAFLEX AZUL 50MT
250
MANGUEIRA P/ PISCINA 38MM ULTRAFLEX AZUL 50MT
600
MANGUEIRA P/ PISCINA 38MM ULTRAFLEX AZUL 50MT
600
MANGUEIRA P/ PISCINA 38MM ULTRAFLEX AZUL 50MT
600
MANGUEIRA P/ PISCINA 38MM AZUL E TRANSP - 50MT
550
MANGUEIRA P/ PISCINA 38MM AZUL E TRANSP - 50MT
550
MANGUEIRA P/ PISCINA 38MM AZUL E TRANSP - 50MT
550
MANGUEIRA P/ PISCINA 38MM AZUL E TRANSP - 50MT
100
MANGUEIRA P/ PISCINA 38MM AZUL E TRANSP - 50MT
100
MANGUEIRA P/ PISCINA 38MM AZUL E TRANSP - 50MT
100
Copiando Banco de dados Fortyflex
[Error: EPERM: operation not permitted, copyfile '\\192.168.2.7\HTD-FortyFlex\Banco_Dados\HTD_DB.FDB' -> 'C:\Users\elian\Documents\Sistema_de_Cobranca\lab_eng_software_backend\banco_de_dados\HTD_DB_FORTYFLEXTemp.FDB'] {
  errno: -4048,
  code: 'EPERM',
  syscall: 'copyfile',
  path: '\\\\192.168.2.7\\HTD-FortyFlex\\Banco_Dados\\HTD_DB.FDB',
  dest: 'C:\\Users\\elian\\Documents\\Sistema_de_Cobranca\\lab_eng_software_backend\\banco_de_dados\\HTD_DB_FORTYFLEXTemp.FDB'
}
Copiando Banco de dados Fortyflex
[Error: EPERM: operation not permitted, copyfile '\\192.168.2.7\HTD-FortyFlex\Banco_Dados\HTD_DB.FDB' -> 'C:\Users\elian\Documents\Sistema_de_Cobranca\lab_eng_software_backend\banco_de_dados\HTD_DB_FORTYFLEXTemp.FDB'] {
  errno: -4048,
  code: 'EPERM',
  syscall: 'copyfile',
  path: '\\\\192.168.2.7\\HTD-FortyFlex\\Banco_Dados\\HTD_DB.FDB',
  dest: 'C:\\Users\\elian\\Documents\\Sistema_de_Cobranca\\lab_eng_software_backend\\banco_de_dados\\HTD_DB_FORTYFLEXTemp.FDB'
}
Copiando Banco de dados Fortyflex
[Error: EPERM: operation not permitted, copyfile '\\192.168.2.7\HTD-FortyFlex\Banco_Dados\HTD_DB.FDB' -> 'C:\Users\elian\Documents\Sistema_de_Cobranca\lab_eng_software_backend\banco_de_dados\HTD_DB_FORTYFLEXTemp.FDB'] {
  errno: -4048,
  code: 'EPERM',
  syscall: 'copyfile',
  path: '\\\\192.168.2.7\\HTD-FortyFlex\\Banco_Dados\\HTD_DB.FDB',
  dest: 'C:\\Users\\elian\\Documents\\Sistema_de_Cobranca\\lab_eng_software_backend\\banco_de_dados\\HTD_DB_FORTYFLEXTemp.FDB'
}
Copiando Banco de dados Fortyflex
[Error: EPERM: operation not permitted, copyfile '\\192.168.2.7\HTD-FortyFlex\Banco_Dados\HTD_DB.FDB' -> 'C:\Users\elian\Documents\Sistema_de_Cobranca\lab_eng_software_backend\banco_de_dados\HTD_DB_FORTYFLEXTemp.FDB'] {
  errno: -4048,
  code: 'EPERM',
  syscall: 'copyfile',
  path: '\\\\192.168.2.7\\HTD-FortyFlex\\Banco_Dados\\HTD_DB.FDB',
  dest: 'C:\\Users\\elian\\Documents\\Sistema_de_Cobranca\\lab_eng_software_backend\\banco_de_dados\\HTD_DB_FORTYFLEXTemp.FDB'
}
Copiando Banco de dados Fortyflex
[Error: EPERM: operation not permitted, copyfile '\\192.168.2.7\HTD-FortyFlex\Banco_Dados\HTD_DB.FDB' -> 'C:\Users\elian\Documents\Sistema_de_Cobranca\lab_eng_software_backend\banco_de_dados\HTD_DB_FORTYFLEXTemp.FDB'] {
  errno: -4048,
  code: 'EPERM',
  syscall: 'copyfile',
  path: '\\\\192.168.2.7\\HTD-FortyFlex\\Banco_Dados\\HTD_DB.FDB',
  dest: 'C:\\Users\\elian\\Documents\\Sistema_de_Cobranca\\lab_eng_software_backend\\banco_de_dados\\HTD_DB_FORTYFLEXTemp.FDB'
}
MANGUEIRA P/ PISCINA 38MM EVA AZUL 30MT
90
MANGUEIRA P/ PISCINA 38MM EVA AZUL 30MT
90
MANGUEIRA P/ PISCINA 38MM EVA AZUL 50MT
50
MANGUEIRA P/ PISCINA 38MM EVA AZUL 50MT
50
MANGUEIRA P/ PISCINA 38MM EVA AZUL 50MT
300
MANGUEIRA P/ PISCINA 38MM EVA AZUL 50MT
300
MANGUEIRA P/ PISCINA 38MM EVA AZUL 50MT
250
MANGUEIRA P/ PISCINA 38MM EVA AZUL 50MT
250
MANGUEIRA P/ PISCINA 38MM EVA AZUL 50MT
100
MANGUEIRA P/ PISCINA 38MM EVA AZUL 50MT
100
MANGUEIRA P/ PISCINA 38MM ULTRAFLEX AZUL 50MT
300
MANGUEIRA P/ PISCINA 38MM ULTRAFLEX AZUL 50MT
300
MANGUEIRA P/ PISCINA 38MM ULTRAFLEX AZUL 50MT
300
MANGUEIRA P/ PISCINA 38MM ULTRAFLEX AZUL 50MT
150
MANGUEIRA P/ PISCINA 38MM ULTRAFLEX AZUL 50MT
150
MANGUEIRA P/ PISCINA 38MM ULTRAFLEX AZUL 50MT
150
MANGUEIRA P/ PISCINA 38MM ULTRAFLEX AZUL 50MT
350
MANGUEIRA P/ PISCINA 38MM ULTRAFLEX AZUL 50MT
350
MANGUEIRA P/ PISCINA 38MM ULTRAFLEX AZUL 50MT
350
MANGUEIRA P/ PISCINA 38MM ULTRAFLEX AZUL 50MT
100
MANGUEIRA P/ PISCINA 38MM ULTRAFLEX AZUL 50MT
100
MANGUEIRA P/ PISCINA 38MM ULTRAFLEX AZUL 50MT
100
MANGUEIRA P/ PISCINA 38MM ULTRAFLEX AZUL 50MT
50
MANGUEIRA P/ PISCINA 38MM ULTRAFLEX AZUL 50MT
50
MANGUEIRA P/ PISCINA 38MM ULTRAFLEX AZUL 50MT
50
MANGUEIRA P/ PISCINA 38MM ULTRAFLEX AZUL 50MT
100
MANGUEIRA P/ PISCINA 38MM ULTRAFLEX AZUL 50MT
100
MANGUEIRA P/ PISCINA 38MM ULTRAFLEX AZUL 50MT
100
MANGUEIRA P/ PISCINA 38MM AZUL E TRANSP - 30MT
30
MANGUEIRA P/ PISCINA 38MM AZUL E TRANSP - 30MT
30
MANGUEIRA P/ PISCINA 38MM AZUL E TRANSP - 30MT
30
MANGUEIRA P/ PISCINA 38MM AZUL E TRANSP - 50MT
150
MANGUEIRA P/ PISCINA 38MM AZUL E TRANSP - 50MT
150
MANGUEIRA P/ PISCINA 38MM AZUL E TRANSP - 50MT
150
MANGUEIRA P/ PISCINA 38MM AZUL E TRANSP - 50MT
300
MANGUEIRA P/ PISCINA 38MM AZUL E TRANSP - 50MT
300
MANGUEIRA P/ PISCINA 38MM AZUL E TRANSP - 50MT
300
MANGUEIRA P/ PISCINA 38MM AZUL E TRANSP - 50MT
300
MANGUEIRA P/ PISCINA 38MM AZUL E TRANSP - 50MT
300
MANGUEIRA P/ PISCINA 38MM AZUL E TRANSP - 50MT
300
MANGUEIRA P/ PISCINA 38MM AZUL E TRANSP - 50MT
200
MANGUEIRA P/ PISCINA 38MM AZUL E TRANSP - 50MT
200
MANGUEIRA P/ PISCINA 38MM AZUL E TRANSP - 50MT
200
MANGUEIRA P/ PISCINA 38MM AZUL E TRANSP - 50MT
200
MANGUEIRA P/ PISCINA 38MM AZUL E TRANSP - 50MT
200
MANGUEIRA P/ PISCINA 38MM AZUL E TRANSP - 50MT
200
MANGUEIRA P/ PISCINA 38MM AZUL E TRANSP - 50MT
500
MANGUEIRA P/ PISCINA 38MM AZUL E TRANSP - 50MT
500
MANGUEIRA P/ PISCINA 38MM AZUL E TRANSP - 50MT
500
MANGUEIRA P/ PISCINA 38MM AZUL E TRANSP - 50MT
250
MANGUEIRA P/ PISCINA 38MM AZUL E TRANSP - 50MT
250
MANGUEIRA P/ PISCINA 38MM AZUL E TRANSP - 50MT
250
MANGUEIRA P/ PISCINA 38MM AZUL E TRANSP - 50MT
100
MANGUEIRA P/ PISCINA 38MM AZUL E TRANSP - 50MT
100
MANGUEIRA P/ PISCINA 38MM AZUL E TRANSP - 50MT
100
MANGUEIRA P/ PISCINA 38MM AZUL E TRANSP - 50MT
100
MANGUEIRA P/ PISCINA 38MM AZUL E TRANSP - 50MT
100
MANGUEIRA P/ PISCINA 38MM AZUL E TRANSP - 50MT
100
MANGUEIRA P/ PISCINA 50MM AZUL E TRANSP - 50MT
100
MANGUEIRA P/ PISCINA 50MM AZUL E TRANSP - 50MT
100
MANGUEIRA P/ PISCINA 50MM AZUL E TRANSP - 50MT
100
MANGUEIRA P/ PISCINA 38MM EVA AZUL E BRANCA - 50MT
50
MANGUEIRA P/ PISCINA 38MM EVA AZUL E BRANCA - 50MT
50
MANGUEIRA 32MM ASPIRADOR DE PÓ CRISTAL 50 MTS
50
MANGUEIRA 32MM ASPIRADOR DE PÓ CRISTAL 50 MTS
50
MANGUEIRA 32MM ASPIRADOR DE PÓ CRISTAL 50 MTS
50
MANGUEIRA P/ PISCINA 38MM ULTRAFLEX AZUL 50MT
100
MANGUEIRA P/ PISCINA 38MM ULTRAFLEX AZUL 50MT
100
MANGUEIRA P/ PISCINA 38MM ULTRAFLEX AZUL 50MT
100
MANGUEIRA P/ PISCINA 38MM ULTRAFLEX AZUL 50MT
50
MANGUEIRA P/ PISCINA 38MM ULTRAFLEX AZUL 50MT
50
MANGUEIRA P/ PISCINA 38MM ULTRAFLEX AZUL 50MT
50
MANGUEIRA P/ PISCINA 38MM AZUL E TRANSP - 50MT
150
MANGUEIRA P/ PISCINA 38MM AZUL E TRANSP - 50MT
150
MANGUEIRA P/ PISCINA 38MM AZUL E TRANSP - 50MT
150
MANGUEIRA P/ PISCINA 38MM AZUL E TRANSP - 50MT
50
MANGUEIRA P/ PISCINA 38MM AZUL E TRANSP - 50MT
50
MANGUEIRA P/ PISCINA 38MM AZUL E TRANSP - 50MT
50
MANGUEIRA P/ PISCINA 38MM AZUL E TRANSP - 50MT
150
MANGUEIRA P/ PISCINA 38MM AZUL E TRANSP - 50MT
150
MANGUEIRA P/ PISCINA 38MM AZUL E TRANSP - 50MT
150
MANGUEIRA P/ PISCINA 38MM EVA AZUL 30MT
180
MANGUEIRA P/ PISCINA 38MM EVA AZUL 30MT
180
MANGUEIRA P/ PISCINA 38MM EVA AZUL 50MT
500
MANGUEIRA P/ PISCINA 38MM EVA AZUL 50MT
500
MANGUEIRA P/ PISCINA 38MM EVA AZUL 50MT
250
MANGUEIRA P/ PISCINA 38MM EVA AZUL 50MT
250
MANGUEIRA P/ PISCINA 38MM EVA AZUL 50MT
200
MANGUEIRA P/ PISCINA 38MM EVA AZUL 50MT
200
MANGUEIRA P/ PISCINA 38MM ULTRAFLEX AZUL 50MT
500
MANGUEIRA P/ PISCINA 38MM ULTRAFLEX AZUL 50MT
500
MANGUEIRA P/ PISCINA 38MM ULTRAFLEX AZUL 50MT
500
MANGUEIRA P/ PISCINA 38MM ULTRAFLEX AZUL 50MT
200
MANGUEIRA P/ PISCINA 38MM ULTRAFLEX AZUL 50MT
200
MANGUEIRA P/ PISCINA 38MM ULTRAFLEX AZUL 50MT
200
MANGUEIRA P/ PISCINA 38MM ULTRAFLEX AZUL 50MT
200
MANGUEIRA P/ PISCINA 38MM ULTRAFLEX AZUL 50MT
200
MANGUEIRA P/ PISCINA 38MM ULTRAFLEX AZUL 50MT
200
MANGUEIRA P/ PISCINA 38MM ULTRAFLEX AZUL 50MT
50
MANGUEIRA P/ PISCINA 38MM ULTRAFLEX AZUL 50MT
50
MANGUEIRA P/ PISCINA 38MM ULTRAFLEX AZUL 50MT
50
MANGUEIRA P/ PISCINA 38MM AZUL E TRANSP - 50MT
50
MANGUEIRA P/ PISCINA 38MM AZUL E TRANSP - 50MT
50
MANGUEIRA P/ PISCINA 38MM AZUL E TRANSP - 50MT
50
MANGUEIRA P/ PISCINA 38MM AZUL E TRANSP - 50MT
500
MANGUEIRA P/ PISCINA 38MM AZUL E TRANSP - 50MT
500
MANGUEIRA P/ PISCINA 38MM AZUL E TRANSP - 50MT
500
MANGUEIRA P/ PISCINA 38MM EVA AZUL 50MT
300
MANGUEIRA P/ PISCINA 38MM EVA AZUL 50MT
300
MANGUEIRA 32MM ASPIRADOR DE PÓ CRISTAL 50 MTS
50
MANGUEIRA 32MM ASPIRADOR DE PÓ CRISTAL 50 MTS
50
MANGUEIRA 32MM ASPIRADOR DE PÓ CRISTAL 50 MTS
50
MANGUEIRA 32MM ASPIRADOR DE PÓ CRISTAL 50 MTS
150
MANGUEIRA 32MM ASPIRADOR DE PÓ CRISTAL 50 MTS
150
MANGUEIRA 32MM ASPIRADOR DE PÓ CRISTAL 50 MTS
150
MANGUEIRA P/ PISCINA 38MM ULTRAFLEX AZUL 50MT
300
MANGUEIRA P/ PISCINA 38MM ULTRAFLEX AZUL 50MT
300
MANGUEIRA P/ PISCINA 38MM ULTRAFLEX AZUL 50MT
300
MANGUEIRA P/ PISCINA 38MM ULTRAFLEX AZUL 50MT
150
MANGUEIRA P/ PISCINA 38MM ULTRAFLEX AZUL 50MT
150
MANGUEIRA P/ PISCINA 38MM ULTRAFLEX AZUL 50MT
150
MANGUEIRA P/ PISCINA 38MM ULTRAFLEX AZUL 50MT
300
MANGUEIRA P/ PISCINA 38MM ULTRAFLEX AZUL 50MT
300
MANGUEIRA P/ PISCINA 38MM ULTRAFLEX AZUL 50MT
300
MANGUEIRA P/ PISCINA 38MM ULTRAFLEX AZUL 50MT
50
MANGUEIRA P/ PISCINA 38MM ULTRAFLEX AZUL 50MT
50
MANGUEIRA P/ PISCINA 38MM ULTRAFLEX AZUL 50MT
50
MANGUEIRA PARA PISCINA 38MM AZUL E PRETA 50MTS
100
MANGUEIRA PARA PISCINA 38MM AZUL E PRETA 50MTS
100
MANGUEIRA P/ PISCINA 38MM AZUL E TRANSP - 50MT
50
MANGUEIRA P/ PISCINA 38MM AZUL E TRANSP - 50MT
50
MANGUEIRA P/ PISCINA 38MM AZUL E TRANSP - 50MT
50
MANGUEIRA P/ PISCINA 38MM ULTRAFLEX VERDE 50MT
50
MANGUEIRA P/ PISCINA 38MM ULTRAFLEX VERDE 50MT
50
MANGUEIRA P/ PISCINA 38MM ULTRAFLEX VERDE 50MT
50
MANGUEIRA P/ PISCINA 50MM AZUL E TRANSP - 50MT
50
MANGUEIRA P/ PISCINA 50MM AZUL E TRANSP - 50MT
50
MANGUEIRA P/ PISCINA 50MM AZUL E TRANSP - 50MT
50
MANGUEIRA P/ PISCINA 38MM VERDE E TRANSP - 50MT
50
MANGUEIRA P/ PISCINA 38MM VERDE E TRANSP - 50MT
50
MANGUEIRA P/ PISCINA 38MM VERDE E TRANSP - 50MT
50
MANGUEIRA P/ PISCINA 38MM EVA AZUL 30MT
150
MANGUEIRA P/ PISCINA 38MM EVA AZUL 30MT
150
MANGUEIRA P/ PISCINA 50MM EVA AZUL - 30MT
60
MANGUEIRA P/ PISCINA 50MM EVA AZUL - 30MT
60
MANGUEIRA P/ PISCINA 38MM ULTRAFLEX AZUL 50MT
150
MANGUEIRA P/ PISCINA 38MM ULTRAFLEX AZUL 50MT
150
MANGUEIRA P/ PISCINA 38MM ULTRAFLEX AZUL 50MT
150
MANGUEIRA P/ PISCINA 38MM ULTRAFLEX AZUL 50MT
550
MANGUEIRA P/ PISCINA 38MM ULTRAFLEX AZUL 50MT
550
MANGUEIRA P/ PISCINA 38MM ULTRAFLEX AZUL 50MT
550
MANGUEIRA P/ PISCINA 25MM INTEX AZUL E BRANCA - 2MT
40
MANGUEIRA P/ PISCINA 25MM INTEX AZUL E BRANCA - 2MT
40
MANGUEIRA P/ PISCINA 38MM EVA AZUL 30MT
240
MANGUEIRA P/ PISCINA 38MM EVA AZUL 30MT
240
MANGUEIRA P/ PISCINA 38MM EVA AZUL 50MT
100
MANGUEIRA P/ PISCINA 38MM EVA AZUL 50MT
100
MANGUEIRA P/ PISCINA 38MM ULTRAFLEX AZUL 50MT
50
MANGUEIRA P/ PISCINA 38MM ULTRAFLEX AZUL 50MT
50
MANGUEIRA P/ PISCINA 38MM ULTRAFLEX AZUL 50MT
50
MANGUEIRA P/ PISCINA 38MM AZUL E TRANSP - 50MT
100
MANGUEIRA P/ PISCINA 38MM AZUL E TRANSP - 50MT
100
MANGUEIRA P/ PISCINA 38MM AZUL E TRANSP - 50MT
100
MANGUEIRA P/ PISCINA 38MM AZUL E TRANSP - 50MT
100
MANGUEIRA P/ PISCINA 38MM AZUL E TRANSP - 50MT
100
MANGUEIRA P/ PISCINA 38MM AZUL E TRANSP - 50MT
100
MANGUEIRA P/ PISCINA 38MM EVA AZUL 50MT
150
MANGUEIRA P/ PISCINA 38MM EVA AZUL 50MT
150
MANGUEIRA 25MM MAQUINA DE LAVAR CINZA 50 MTS
50
MANGUEIRA 25MM MAQUINA DE LAVAR CINZA 50 MTS
50
MANGUEIRA P/ PISCINA 38MM ULTRAFLEX AZUL 50MT
250
MANGUEIRA P/ PISCINA 38MM ULTRAFLEX AZUL 50MT
250
MANGUEIRA P/ PISCINA 38MM ULTRAFLEX AZUL 50MT
250
MANGUEIRA P/ PISCINA 38MM ULTRAFLEX AZUL 50MT
50
MANGUEIRA P/ PISCINA 38MM ULTRAFLEX AZUL 50MT
50
MANGUEIRA P/ PISCINA 38MM ULTRAFLEX AZUL 50MT
50
MANGUEIRA P/ PISCINA 38MM ULTRAFLEX AZUL 50MT
100
MANGUEIRA P/ PISCINA 38MM ULTRAFLEX AZUL 50MT
100
MANGUEIRA P/ PISCINA 38MM ULTRAFLEX AZUL 50MT
100
MANGUEIRA P/ PISCINA 38MM AZUL E TRANSP - 50MT
100
MANGUEIRA P/ PISCINA 38MM AZUL E TRANSP - 50MT
100
MANGUEIRA P/ PISCINA 38MM AZUL E TRANSP - 50MT
100
MANGUEIRA P/ PISCINA 38MM AZUL E TRANSP - 50MT
100
MANGUEIRA P/ PISCINA 38MM AZUL E TRANSP - 50MT
100
MANGUEIRA P/ PISCINA 38MM AZUL E TRANSP - 50MT
100
MANGUEIRA P/ PISCINA 38MM EVA AZUL 50MT
300
MANGUEIRA P/ PISCINA 38MM EVA AZUL 50MT
300
MANGUEIRA P/ PISCINA 38MM EVA AZUL 50MT
100
MANGUEIRA P/ PISCINA 38MM EVA AZUL 50MT
100
MANGUEIRA P/ PISCINA 38MM ULTRAFLEX AZUL 50MT
100
MANGUEIRA P/ PISCINA 38MM ULTRAFLEX AZUL 50MT
100
MANGUEIRA P/ PISCINA 38MM ULTRAFLEX AZUL 50MT
100
MANGUEIRA P/ PISCINA 38MM ULTRAFLEX AZUL 50MT
500
MANGUEIRA P/ PISCINA 38MM ULTRAFLEX AZUL 50MT
500
MANGUEIRA P/ PISCINA 38MM ULTRAFLEX AZUL 50MT
500
MANGUEIRA P/ PISCINA 38MM ULTRAFLEX AZUL 50MT
1000
MANGUEIRA P/ PISCINA 38MM ULTRAFLEX AZUL 50MT
1000
MANGUEIRA P/ PISCINA 38MM ULTRAFLEX AZUL 50MT
1000
MANGUEIRA P/ PISCINA 38MM ULTRAFLEX AZUL 50MT
1000
MANGUEIRA P/ PISCINA 38MM ULTRAFLEX AZUL 50MT
1000
MANGUEIRA P/ PISCINA 38MM ULTRAFLEX AZUL 50MT
1000
MANGUEIRA P/ PISCINA 38MM ULTRAFLEX AZUL 50MT
1000
MANGUEIRA P/ PISCINA 38MM ULTRAFLEX AZUL 50MT
1000
MANGUEIRA P/ PISCINA 38MM ULTRAFLEX AZUL 50MT
1000
MANGUEIRA P/ PISCINA 38MM AZUL E TRANSP - 50MT
200
MANGUEIRA P/ PISCINA 38MM AZUL E TRANSP - 50MT
200
MANGUEIRA P/ PISCINA 38MM AZUL E TRANSP - 50MT
200
MANGUEIRA P/ PISCINA 38MM AZUL E TRANSP - 50MT
500
MANGUEIRA P/ PISCINA 38MM AZUL E TRANSP - 50MT
500
MANGUEIRA P/ PISCINA 38MM AZUL E TRANSP - 50MT
500
MANGUEIRA P/ PISCINA 38MM EVA AZUL 50MT
150
MANGUEIRA P/ PISCINA 38MM EVA AZUL 50MT
150
MANGUEIRA 32MM ASPIRADOR DE PÓ CRISTAL 50 MTS
50
MANGUEIRA 32MM ASPIRADOR DE PÓ CRISTAL 50 MTS
50
MANGUEIRA 32MM ASPIRADOR DE PÓ CRISTAL 50 MTS
50
MANGUEIRA P/ PISCINA 38MM ULTRAFLEX AZUL 50MT
100
MANGUEIRA P/ PISCINA 38MM ULTRAFLEX AZUL 50MT
100
MANGUEIRA P/ PISCINA 38MM ULTRAFLEX AZUL 50MT
100
MANGUEIRA P/ PISCINA 38MM ULTRAFLEX AZUL 50MT
100
MANGUEIRA P/ PISCINA 38MM ULTRAFLEX AZUL 50MT
100
MANGUEIRA P/ PISCINA 38MM ULTRAFLEX AZUL 50MT
100
MANGUEIRA P/ PISCINA 38MM AZUL E TRANSP - 50MT
100
MANGUEIRA P/ PISCINA 38MM AZUL E TRANSP - 50MT
100
MANGUEIRA P/ PISCINA 38MM AZUL E TRANSP - 50MT
100
MANGUEIRA P/ PISCINA 38MM EVA AZUL 50MT
250
MANGUEIRA P/ PISCINA 38MM EVA AZUL 50MT
250
MANGUEIRA P/ PISCINA 38MM ULTRAFLEX AZUL 50MT
750
MANGUEIRA P/ PISCINA 38MM ULTRAFLEX AZUL 50MT
750
MANGUEIRA P/ PISCINA 38MM ULTRAFLEX AZUL 50MT
750
MANGUEIRA P/ PISCINA 38MM ULTRAFLEX AZUL 50MT
500
MANGUEIRA P/ PISCINA 38MM ULTRAFLEX AZUL 50MT
500
MANGUEIRA P/ PISCINA 38MM ULTRAFLEX AZUL 50MT
500
MANGUEIRA P/ PISCINA 38MM ULTRAFLEX AZUL 50MT
100
MANGUEIRA P/ PISCINA 38MM ULTRAFLEX AZUL 50MT
100
MANGUEIRA P/ PISCINA 38MM ULTRAFLEX AZUL 50MT
100
MANGUEIRA P/ PISCINA 38MM AZUL E TRANSP - 50MT
100
MANGUEIRA P/ PISCINA 38MM AZUL E TRANSP - 50MT
100
MANGUEIRA P/ PISCINA 38MM AZUL E TRANSP - 50MT
100
MANGUEIRA P/ PISCINA 38MM AZUL E TRANSP - 50MT
250
MANGUEIRA P/ PISCINA 38MM AZUL E TRANSP - 50MT
250
MANGUEIRA P/ PISCINA 38MM AZUL E TRANSP - 50MT
250
MANGUEIRA P/ PISCINA 25MM INTEX AZUL E BRANCA - 50MT
50
MANGUEIRA P/ PISCINA 25MM INTEX AZUL E BRANCA - 50MT
50
MANGUEIRA P/ PISCINA 38MM EVA AZUL 30MT
240
MANGUEIRA P/ PISCINA 38MM EVA AZUL 30MT
240
MANGUEIRA P/ PISCINA 38MM EVA AZUL 50MT
300
MANGUEIRA P/ PISCINA 38MM EVA AZUL 50MT
300
MANGUEIRA P/ PISCINA 38MM EVA AZUL 50MT
500
MANGUEIRA P/ PISCINA 38MM EVA AZUL 50MT
500
MANGUEIRA P/ PISCINA 38MM ULTRAFLEX AZUL 50MT
50
MANGUEIRA P/ PISCINA 38MM ULTRAFLEX AZUL 50MT
50
MANGUEIRA P/ PISCINA 38MM ULTRAFLEX AZUL 50MT
50
MANGUEIRA P/ PISCINA 38MM ULTRAFLEX AZUL 50MT
250
MANGUEIRA P/ PISCINA 38MM ULTRAFLEX AZUL 50MT
250
MANGUEIRA P/ PISCINA 38MM ULTRAFLEX AZUL 50MT
250
MANGUEIRA P/ PISCINA 38MM AZUL E TRANSP - 50MT
100
MANGUEIRA P/ PISCINA 38MM AZUL E TRANSP - 50MT
100
MANGUEIRA P/ PISCINA 38MM AZUL E TRANSP - 50MT
100
MANGUEIRA P/ PISCINA 50MM AZUL E TRANSP - 50MT
50
MANGUEIRA P/ PISCINA 50MM AZUL E TRANSP - 50MT
50
MANGUEIRA P/ PISCINA 50MM AZUL E TRANSP - 50MT
50
MANGUEIRA P/ PISCINA 38MM EVA AZUL 50MT
300
MANGUEIRA P/ PISCINA 38MM EVA AZUL 50MT
300
MANGUEIRA P/ PISCINA 38MM EVA AZUL 50MT
150
MANGUEIRA P/ PISCINA 38MM EVA AZUL 50MT
150
MANGUEIRA P/ PISCINA 38MM ULTRAFLEX AZUL 50MT
250
MANGUEIRA P/ PISCINA 38MM ULTRAFLEX AZUL 50MT
250
MANGUEIRA P/ PISCINA 38MM ULTRAFLEX AZUL 50MT
250
MANGUEIRA P/ PISCINA 38MM ULTRAFLEX AZUL 50MT
200
MANGUEIRA P/ PISCINA 38MM ULTRAFLEX AZUL 50MT
200
MANGUEIRA P/ PISCINA 38MM ULTRAFLEX AZUL 50MT
200
MANGUEIRA P/ PISCINA 38MM ULTRAFLEX AZUL 50MT
250
MANGUEIRA P/ PISCINA 38MM ULTRAFLEX AZUL 50MT
250
MANGUEIRA P/ PISCINA 38MM ULTRAFLEX AZUL 50MT
250
MANGUEIRA P/ PISCINA 38MM EVA AZUL 50MT
100
MANGUEIRA P/ PISCINA 38MM EVA AZUL 50MT
100
MANGUEIRA P/ PISCINA 38MM EVA AZUL 50MT
300
MANGUEIRA P/ PISCINA 38MM EVA AZUL 50MT
300
MANGUEIRA P/ PISCINA 38MM EVA AZUL 50MT
550
MANGUEIRA P/ PISCINA 38MM EVA AZUL 50MT
550
MANGUEIRA P/ PISCINA 38MM EVA AZUL 50MT
250
MANGUEIRA P/ PISCINA 38MM EVA AZUL 50MT
250
MANGUEIRA P/ PISCINA 38MM ULTRAFLEX AZUL 50MT
250
MANGUEIRA P/ PISCINA 38MM ULTRAFLEX AZUL 50MT
250
MANGUEIRA P/ PISCINA 38MM ULTRAFLEX AZUL 50MT
250
MANGUEIRA P/ PISCINA 38MM ULTRAFLEX AZUL 50MT
250
MANGUEIRA P/ PISCINA 38MM ULTRAFLEX AZUL 50MT
250
MANGUEIRA P/ PISCINA 38MM ULTRAFLEX AZUL 50MT
250
MANGUEIRA P/ PISCINA 38MM AZUL E TRANSP - 50MT
100
MANGUEIRA P/ PISCINA 38MM AZUL E TRANSP - 50MT
100
MANGUEIRA P/ PISCINA 38MM AZUL E TRANSP - 50MT
100
MANGUEIRA P/ PISCINA 25MM INTEX AZUL E BRANCA - 3MT
30
MANGUEIRA P/ PISCINA 25MM INTEX AZUL E BRANCA - 3MT
30
MANGUEIRA P/ PISCINA 38MM EVA AZUL 30MT
30
MANGUEIRA P/ PISCINA 38MM EVA AZUL 30MT
30
MANGUEIRA P/ PISCINA 38MM EVA AZUL 50MT
100
MANGUEIRA P/ PISCINA 38MM EVA AZUL 50MT
100
MANGUEIRA 32MM ASPIRADOR DE PÓ CRISTAL 50 MTS
100
MANGUEIRA 32MM ASPIRADOR DE PÓ CRISTAL 50 MTS
100
MANGUEIRA 32MM ASPIRADOR DE PÓ CRISTAL 50 MTS
100
MANGUEIRA P/ PISCINA 38MM ULTRAFLEX AZUL 30MT
90
MANGUEIRA P/ PISCINA 38MM ULTRAFLEX AZUL 30MT
90
MANGUEIRA P/ PISCINA 38MM ULTRAFLEX AZUL 30MT
90
MANGUEIRA P/ PISCINA 38MM ULTRAFLEX AZUL 30MT
30
MANGUEIRA P/ PISCINA 38MM ULTRAFLEX AZUL 30MT
30
MANGUEIRA P/ PISCINA 38MM ULTRAFLEX AZUL 30MT
30
MANGUEIRA P/ PISCINA 38MM ULTRAFLEX AZUL 50MT
500
MANGUEIRA P/ PISCINA 38MM ULTRAFLEX AZUL 50MT
500
MANGUEIRA P/ PISCINA 38MM ULTRAFLEX AZUL 50MT
500
MANGUEIRA P/ PISCINA 38MM ULTRAFLEX AZUL 50MT
150
MANGUEIRA P/ PISCINA 38MM ULTRAFLEX AZUL 50MT
150
MANGUEIRA P/ PISCINA 38MM ULTRAFLEX AZUL 50MT
150
MANGUEIRA P/ PISCINA 38MM AZUL E TRANSP - 50MT
100
MANGUEIRA P/ PISCINA 38MM AZUL E TRANSP - 50MT
100
MANGUEIRA P/ PISCINA 38MM AZUL E TRANSP - 50MT
100
MANGUEIRA P/ PISCINA 38MM AZUL E TRANSP - 50MT
150
MANGUEIRA P/ PISCINA 38MM AZUL E TRANSP - 50MT
150
MANGUEIRA P/ PISCINA 38MM AZUL E TRANSP - 50MT
150
MANGUEIRA P/ PISCINA 38MM AZUL E TRANSP - 50MT
100
MANGUEIRA P/ PISCINA 38MM AZUL E TRANSP - 50MT
100
MANGUEIRA P/ PISCINA 38MM AZUL E TRANSP - 50MT
100
MANGUEIRA P/ PISCINA 25MM INTEX AZUL E BRANCA - 2MT
40
MANGUEIRA P/ PISCINA 25MM INTEX AZUL E BRANCA - 2MT
40
MANGUEIRA P/ PISCINA 25MM INTEX AZUL E BRANCA - 50MT
100
MANGUEIRA P/ PISCINA 25MM INTEX AZUL E BRANCA - 50MT
100
MANGUEIRA P/ PISCINA 38MM EVA AZUL 50MT
200
MANGUEIRA P/ PISCINA 38MM EVA AZUL 50MT
200
MANGUEIRA P/ PISCINA 38MM EVA AZUL 50MT
300
MANGUEIRA P/ PISCINA 38MM EVA AZUL 50MT
300
MANGUEIRA P/ PISCINA 38MM EVA AZUL 50MT
200
MANGUEIRA P/ PISCINA 38MM EVA AZUL 50MT
200
MANGUEIRA P/ PISCINA 38MM EVA AZUL 50MT
50
MANGUEIRA P/ PISCINA 38MM EVA AZUL 50MT
50
MANGUEIRA P/ PISCINA 38MM ULTRAFLEX AZUL 30MT
90
MANGUEIRA P/ PISCINA 38MM ULTRAFLEX AZUL 30MT
90
MANGUEIRA P/ PISCINA 38MM ULTRAFLEX AZUL 30MT
90
MANGUEIRA P/ PISCINA 38MM ULTRAFLEX AZUL 50MT
300
MANGUEIRA P/ PISCINA 38MM ULTRAFLEX AZUL 50MT
300
MANGUEIRA P/ PISCINA 38MM ULTRAFLEX AZUL 50MT
300
MANGUEIRA P/ PISCINA 38MM ULTRAFLEX AZUL 50MT
700
MANGUEIRA P/ PISCINA 38MM ULTRAFLEX AZUL 50MT
700
MANGUEIRA P/ PISCINA 38MM ULTRAFLEX AZUL 50MT
700
MANGUEIRA P/ PISCINA 38MM ULTRAFLEX AZUL 50MT
200
MANGUEIRA P/ PISCINA 38MM ULTRAFLEX AZUL 50MT
200
MANGUEIRA P/ PISCINA 38MM ULTRAFLEX AZUL 50MT
200
MANGUEIRA P/ PISCINA 38MM AZUL E TRANSP - 50MT
100
MANGUEIRA P/ PISCINA 38MM AZUL E TRANSP - 50MT
100
MANGUEIRA P/ PISCINA 38MM AZUL E TRANSP - 50MT
100
MANGUEIRA P/ PISCINA 38MM AZUL E TRANSP - 50MT
200
MANGUEIRA P/ PISCINA 38MM AZUL E TRANSP - 50MT
200
MANGUEIRA P/ PISCINA 38MM AZUL E TRANSP - 50MT
200
MANGUEIRA P/ PISCINA 38MM AZUL E TRANSP - 50MT
300
MANGUEIRA P/ PISCINA 38MM AZUL E TRANSP - 50MT
300
MANGUEIRA P/ PISCINA 38MM AZUL E TRANSP - 50MT
300
MANGUEIRA P/ PISCINA 50MM AZUL E TRANSP - 30MT
60
MANGUEIRA P/ PISCINA 50MM AZUL E TRANSP - 30MT
60
MANGUEIRA P/ PISCINA 50MM AZUL E TRANSP - 30MT
60
MANGUEIRA P/ PISCINA 38MM EVA AZUL 50MT
250
MANGUEIRA P/ PISCINA 38MM EVA AZUL 50MT
250
MANGUEIRA P/ PISCINA 38MM ULTRAFLEX AZUL 30MT
60
MANGUEIRA P/ PISCINA 38MM ULTRAFLEX AZUL 30MT
60
MANGUEIRA P/ PISCINA 38MM ULTRAFLEX AZUL 30MT
60
MANGUEIRA P/ PISCINA 38MM ULTRAFLEX AZUL 50MT
100
MANGUEIRA P/ PISCINA 38MM ULTRAFLEX AZUL 50MT
100
MANGUEIRA P/ PISCINA 38MM ULTRAFLEX AZUL 50MT
100
MANGUEIRA P/ PISCINA 38MM ULTRAFLEX AZUL 50MT
350
MANGUEIRA P/ PISCINA 38MM ULTRAFLEX AZUL 50MT
350
MANGUEIRA P/ PISCINA 38MM ULTRAFLEX AZUL 50MT
350
MANGUEIRA P/ PISCINA 38MM ULTRAFLEX AZUL 50MT
200
MANGUEIRA P/ PISCINA 38MM ULTRAFLEX AZUL 50MT
200
MANGUEIRA P/ PISCINA 38MM ULTRAFLEX AZUL 50MT
200
MANGUEIRA P/ PISCINA 38MM AZUL E TRANSP - 50MT
100
MANGUEIRA P/ PISCINA 38MM AZUL E TRANSP - 50MT
100
MANGUEIRA P/ PISCINA 38MM AZUL E TRANSP - 50MT
100
MANGUEIRA P/ PISCINA 38MM EVA AZUL 50MT
50
MANGUEIRA P/ PISCINA 38MM EVA AZUL 50MT
50
MANGUEIRA P/ PISCINA 38MM EVA AZUL 50MT
300
MANGUEIRA P/ PISCINA 38MM EVA AZUL 50MT
300
MANGUEIRA P/ PISCINA 38MM ULTRAFLEX AZUL 50MT
50
MANGUEIRA P/ PISCINA 38MM ULTRAFLEX AZUL 50MT
50
MANGUEIRA P/ PISCINA 38MM ULTRAFLEX AZUL 50MT
50
MANGUEIRA P/ PISCINA 38MM ULTRAFLEX AZUL 50MT
1000
MANGUEIRA P/ PISCINA 38MM ULTRAFLEX AZUL 50MT
1000
MANGUEIRA P/ PISCINA 38MM ULTRAFLEX AZUL 50MT
1000
MANGUEIRA P/ PISCINA 38MM ULTRAFLEX AZUL 50MT
150
MANGUEIRA P/ PISCINA 38MM ULTRAFLEX AZUL 50MT
150
MANGUEIRA P/ PISCINA 38MM ULTRAFLEX AZUL 50MT
150
MANGUEIRA P/ PISCINA 38MM AZUL E TRANSP - 50MT
250
MANGUEIRA P/ PISCINA 38MM AZUL E TRANSP - 50MT
250
MANGUEIRA P/ PISCINA 38MM AZUL E TRANSP - 50MT
250
MANGUEIRA P/ PISCINA 38MM AZUL E TRANSP - 50MT
50
MANGUEIRA P/ PISCINA 38MM AZUL E TRANSP - 50MT
50
MANGUEIRA P/ PISCINA 38MM AZUL E TRANSP - 50MT
50
MANGUEIRA P/ PISCINA 38MM AZUL E TRANSP - 50MT
300
MANGUEIRA P/ PISCINA 38MM AZUL E TRANSP - 50MT
300
MANGUEIRA P/ PISCINA 38MM AZUL E TRANSP - 50MT
300
Copiando Banco de dados Fortyflex
[Error: EPERM: operation not permitted, copyfile '\\192.168.2.7\HTD-FortyFlex\Banco_Dados\HTD_DB.FDB' -> 'C:\Users\elian\Documents\Sistema_de_Cobranca\lab_eng_software_backend\banco_de_dados\HTD_DB_FORTYFLEXTemp.FDB'] {
  errno: -4048,
  code: 'EPERM',
  syscall: 'copyfile',
  path: '\\\\192.168.2.7\\HTD-FortyFlex\\Banco_Dados\\HTD_DB.FDB',
  dest: 'C:\\Users\\elian\\Documents\\Sistema_de_Cobranca\\lab_eng_software_backend\\banco_de_dados\\HTD_DB_FORTYFLEXTemp.FDB'
}
Copiando Banco de dados Fortyflex
[Error: EPERM: operation not permitted, copyfile '\\192.168.2.7\HTD-FortyFlex\Banco_Dados\HTD_DB.FDB' -> 'C:\Users\elian\Documents\Sistema_de_Cobranca\lab_eng_software_backend\banco_de_dados\HTD_DB_FORTYFLEXTemp.FDB'] {
  errno: -4048,
  code: 'EPERM',
  syscall: 'copyfile',
  path: '\\\\192.168.2.7\\HTD-FortyFlex\\Banco_Dados\\HTD_DB.FDB',
  dest: 'C:\\Users\\elian\\Documents\\Sistema_de_Cobranca\\lab_eng_software_backend\\banco_de_dados\\HTD_DB_FORTYFLEXTemp.FDB'
}
Copiando Banco de dados Fortyflex
[Error: EPERM: operation not permitted, copyfile '\\192.168.2.7\HTD-FortyFlex\Banco_Dados\HTD_DB.FDB' -> 'C:\Users\elian\Documents\Sistema_de_Cobranca\lab_eng_software_backend\banco_de_dados\HTD_DB_FORTYFLEXTemp.FDB'] {
  errno: -4048,
  code: 'EPERM',
  syscall: 'copyfile',
  path: '\\\\192.168.2.7\\HTD-FortyFlex\\Banco_Dados\\HTD_DB.FDB',
  dest: 'C:\\Users\\elian\\Documents\\Sistema_de_Cobranca\\lab_eng_software_backend\\banco_de_dados\\HTD_DB_FORTYFLEXTemp.FDB'
}
MANGUEIRA P/ PISCINA 38MM ULTRAFLEX AZUL 50MT
100
MANGUEIRA P/ PISCINA 38MM ULTRAFLEX AZUL 50MT
100
MANGUEIRA P/ PISCINA 38MM ULTRAFLEX AZUL 50MT
100
MANGUEIRA P/ PISCINA 38MM AZUL E TRANSP - 50MT
100
MANGUEIRA P/ PISCINA 38MM AZUL E TRANSP - 50MT
100
MANGUEIRA P/ PISCINA 38MM AZUL E TRANSP - 50MT
100
MANGUEIRA P/ PISCINA 25MM INTEX AZUL E BRANCA - 2MT
20
MANGUEIRA P/ PISCINA 25MM INTEX AZUL E BRANCA - 2MT
20
MANGUEIRA P/ PISCINA 25MM INTEX AZUL E BRANCA - 3MT
30
MANGUEIRA P/ PISCINA 25MM INTEX AZUL E BRANCA - 3MT
30
MANGUEIRA P/ PISCINA 25MM INTEX AZUL E BRANCA - 4MT
20
MANGUEIRA P/ PISCINA 25MM INTEX AZUL E BRANCA - 4MT
20
MANGUEIRA P/ PISCINA 38MM EVA AZUL 50MT
300
MANGUEIRA P/ PISCINA 38MM EVA AZUL 50MT
300
MANGUEIRA P/ PISCINA 38MM ULTRAFLEX 6 MT
18
MANGUEIRA P/ PISCINA 38MM ULTRAFLEX 6 MT
18
MANGUEIRA P/ PISCINA 38MM ULTRAFLEX 6 MT
18
MANGUEIRA P/ PISCINA 38MM ULTRAFLEX 7 MT
21
MANGUEIRA P/ PISCINA 38MM ULTRAFLEX 7 MT
21
MANGUEIRA P/ PISCINA 38MM ULTRAFLEX 7 MT
21
MANGUEIRA  P/ PISCINA 38MM ULTRAFLEX 5 MT
35
MANGUEIRA  P/ PISCINA 38MM ULTRAFLEX 5 MT
35
MANGUEIRA  P/ PISCINA 38MM ULTRAFLEX 5 MT
35
MANGUEIRA P/ PISCINA 38MM ULTRAFLEX AZUL 50MT
250
MANGUEIRA P/ PISCINA 38MM ULTRAFLEX AZUL 50MT
250
MANGUEIRA P/ PISCINA 38MM ULTRAFLEX AZUL 50MT
250
MANGUEIRA P/ PISCINA 38MM ULTRAFLEX AZUL 50MT
700
MANGUEIRA P/ PISCINA 38MM ULTRAFLEX AZUL 50MT
700
MANGUEIRA P/ PISCINA 38MM ULTRAFLEX AZUL 50MT
700
MANGUEIRA P/ PISCINA 38MM ULTRAFLEX AZUL 50MT
150
MANGUEIRA P/ PISCINA 38MM ULTRAFLEX AZUL 50MT
150
MANGUEIRA P/ PISCINA 38MM ULTRAFLEX AZUL 50MT
150
MANGUEIRA PARA PISCINA ULTRAFLEX 38 MM X 10 MTS
20
MANGUEIRA PARA PISCINA ULTRAFLEX 38 MM X 10 MTS
20
MANGUEIRA PARA PISCINA ULTRAFLEX 38 MM X 10 MTS
20
MANGUEIRA P/ PISCINA 38MM EVA AZUL 30MT
300
MANGUEIRA P/ PISCINA 38MM EVA AZUL 30MT
300
MANGUEIRA P/ PISCINA 38MM EVA AZUL 50MT
50
MANGUEIRA P/ PISCINA 38MM EVA AZUL 50MT
50
MANGUEIRA P/ PISCINA 38MM EVA AZUL 50MT
150
MANGUEIRA P/ PISCINA 38MM EVA AZUL 50MT
150
MANGUEIRA 32MM ASPIRADOR DE PÓ CRISTAL 50 MTS
150
MANGUEIRA 32MM ASPIRADOR DE PÓ CRISTAL 50 MTS
150
MANGUEIRA 32MM ASPIRADOR DE PÓ CRISTAL 50 MTS
150
MANGUEIRA P/ PISCINA 38MM ULTRAFLEX AZUL 50MT
300
MANGUEIRA P/ PISCINA 38MM ULTRAFLEX AZUL 50MT
300
MANGUEIRA P/ PISCINA 38MM ULTRAFLEX AZUL 50MT
300
MANGUEIRA P/ PISCINA 38MM ULTRAFLEX AZUL 50MT
100
MANGUEIRA P/ PISCINA 38MM ULTRAFLEX AZUL 50MT
100
MANGUEIRA P/ PISCINA 38MM ULTRAFLEX AZUL 50MT
100
MANGUEIRA P/ PISCINA 38MM ULTRAFLEX AZUL 50MT
200
MANGUEIRA P/ PISCINA 38MM ULTRAFLEX AZUL 50MT
200
MANGUEIRA P/ PISCINA 38MM ULTRAFLEX AZUL 50MT
200
MANGUEIRA P/ PISCINA 38MM ULTRAFLEX AZUL 50MT
150
MANGUEIRA P/ PISCINA 38MM ULTRAFLEX AZUL 50MT
150
MANGUEIRA P/ PISCINA 38MM ULTRAFLEX AZUL 50MT
150
MANGUEIRA P/ PISCINA 38MM ULTRAFLEX AZUL 50MT
150
MANGUEIRA P/ PISCINA 38MM ULTRAFLEX AZUL 50MT
150
MANGUEIRA P/ PISCINA 38MM ULTRAFLEX AZUL 50MT
150
MANGUEIRA P/ PISCINA 38MM ULTRAFLEX AZUL 50MT
50
MANGUEIRA P/ PISCINA 38MM ULTRAFLEX AZUL 50MT
50
MANGUEIRA P/ PISCINA 38MM ULTRAFLEX AZUL 50MT
50
MANGUEIRA P/ PISCINA 38MM ULTRAFLEX AZUL 50MT
500
MANGUEIRA P/ PISCINA 38MM ULTRAFLEX AZUL 50MT
500
MANGUEIRA P/ PISCINA 38MM ULTRAFLEX AZUL 50MT
500
MANGUEIRA P/ PISCINA 38MM AZUL E TRANSP - 50MT
200
MANGUEIRA P/ PISCINA 38MM AZUL E TRANSP - 50MT
200
MANGUEIRA P/ PISCINA 38MM AZUL E TRANSP - 50MT
200
MANGUEIRA P/ PISCINA 38MM AZUL E TRANSP - 50MT
150
MANGUEIRA P/ PISCINA 38MM AZUL E TRANSP - 50MT
150
MANGUEIRA P/ PISCINA 38MM AZUL E TRANSP - 50MT
150
MANGUEIRA P/ PISCINA 38MM AZUL E TRANSP - 50MT
550
MANGUEIRA P/ PISCINA 38MM AZUL E TRANSP - 50MT
550
MANGUEIRA P/ PISCINA 38MM AZUL E TRANSP - 50MT
550
MANGUEIRA P/ PISCINA 38MM EVA AZUL 30MT
90
MANGUEIRA P/ PISCINA 38MM EVA AZUL 30MT
90
MANGUEIRA P/ PISCINA 38MM EVA AZUL 50MT
300
MANGUEIRA P/ PISCINA 38MM EVA AZUL 50MT
300
MANGUEIRA P/ PISCINA 38MM EVA AZUL 50MT
200
MANGUEIRA P/ PISCINA 38MM EVA AZUL 50MT
200
MANGUEIRA P/ PISCINA 38MM EVA AZUL 50MT
200
MANGUEIRA P/ PISCINA 38MM EVA AZUL 50MT
200
MANGUEIRA P/ PISCINA 38MM ULTRAFLEX AZUL 30MT
120
MANGUEIRA P/ PISCINA 38MM ULTRAFLEX AZUL 30MT
120
MANGUEIRA P/ PISCINA 38MM ULTRAFLEX AZUL 30MT
120
MANGUEIRA P/ PISCINA 38MM ULTRAFLEX AZUL 50MT
150
MANGUEIRA P/ PISCINA 38MM ULTRAFLEX AZUL 50MT
150
MANGUEIRA P/ PISCINA 38MM ULTRAFLEX AZUL 50MT
150
MANGUEIRA P/ PISCINA 38MM ULTRAFLEX AZUL 50MT
50
MANGUEIRA P/ PISCINA 38MM ULTRAFLEX AZUL 50MT
50
MANGUEIRA P/ PISCINA 38MM ULTRAFLEX AZUL 50MT
50
MANGUEIRA P/ PISCINA 38MM ULTRAFLEX AZUL 50MT
50
MANGUEIRA P/ PISCINA 38MM ULTRAFLEX AZUL 50MT
50
MANGUEIRA P/ PISCINA 38MM ULTRAFLEX AZUL 50MT
50
MANGUEIRA P/ PISCINA 38MM AZUL E TRANSP - 30MT
60
MANGUEIRA P/ PISCINA 38MM AZUL E TRANSP - 30MT
60
MANGUEIRA P/ PISCINA 38MM AZUL E TRANSP - 30MT
60
MANGUEIRA P/ PISCINA 38MM AZUL E TRANSP - 50MT
300
MANGUEIRA P/ PISCINA 38MM AZUL E TRANSP - 50MT
300
MANGUEIRA P/ PISCINA 38MM AZUL E TRANSP - 50MT
300
MANGUEIRA P/ PISCINA 38MM AZUL E TRANSP - 50MT
200
MANGUEIRA P/ PISCINA 38MM AZUL E TRANSP - 50MT
200
MANGUEIRA P/ PISCINA 38MM AZUL E TRANSP - 50MT
200
MANGUEIRA P/ PISCINA 38MM AZUL E TRANSP - 50MT
100
MANGUEIRA P/ PISCINA 38MM AZUL E TRANSP - 50MT
100
MANGUEIRA P/ PISCINA 38MM AZUL E TRANSP - 50MT
100
MANGUEIRA P/ PISCINA 38MM AZUL E TRANSP - 50MT
50
MANGUEIRA P/ PISCINA 38MM AZUL E TRANSP - 50MT
50
MANGUEIRA P/ PISCINA 38MM AZUL E TRANSP - 50MT
50
MANGUEIRA P/ PISCINA 38MM EVA AZUL E BRANCA - 30MT
60
MANGUEIRA P/ PISCINA 38MM EVA AZUL E BRANCA - 30MT
60
MANGUEIRA P/ PISCINA 38MM EVA AZUL 50MT
250
MANGUEIRA P/ PISCINA 38MM EVA AZUL 50MT
250
MANGUEIRA P/ PISCINA 38MM EVA AZUL 50MT
300
MANGUEIRA P/ PISCINA 38MM EVA AZUL 50MT
300
MANGUEIRA P/ PISCINA 38MM ULTRAFLEX AZUL 50MT
50
MANGUEIRA P/ PISCINA 38MM ULTRAFLEX AZUL 50MT
50
MANGUEIRA P/ PISCINA 38MM ULTRAFLEX AZUL 50MT
50
MANGUEIRA P/ PISCINA 38MM ULTRAFLEX AZUL 50MT
300
MANGUEIRA P/ PISCINA 38MM ULTRAFLEX AZUL 50MT
300
MANGUEIRA P/ PISCINA 38MM ULTRAFLEX AZUL 50MT
300
MANGUEIRA P/ PISCINA 38MM ULTRAFLEX AZUL 50MT
600
MANGUEIRA P/ PISCINA 38MM ULTRAFLEX AZUL 50MT
600
MANGUEIRA P/ PISCINA 38MM ULTRAFLEX AZUL 50MT
600
MANGUEIRA P/ PISCINA 38MM ULTRAFLEX AZUL 50MT
800
MANGUEIRA P/ PISCINA 38MM ULTRAFLEX AZUL 50MT
800
MANGUEIRA P/ PISCINA 38MM ULTRAFLEX AZUL 50MT
800
MANGUEIRA P/ PISCINA 38MM EVA AZUL 50MT
200
MANGUEIRA P/ PISCINA 38MM EVA AZUL 50MT
200
MANGUEIRA P/ PISCINA 38MM EVA AZUL 50MT
500
MANGUEIRA P/ PISCINA 38MM EVA AZUL 50MT
500
MANGUEIRA PARA PISCINA 38MM AZUL E PRETA 50MTS
250
MANGUEIRA PARA PISCINA 38MM AZUL E PRETA 50MTS
250
MANGUEIRA P/ PISCINA 38MM AZUL E TRANSP - 30MT
180
MANGUEIRA P/ PISCINA 38MM AZUL E TRANSP - 30MT
180
MANGUEIRA P/ PISCINA 38MM AZUL E TRANSP - 30MT
180
MANGUEIRA P/ PISCINA 38MM AZUL E TRANSP - 50MT
100
MANGUEIRA P/ PISCINA 38MM AZUL E TRANSP - 50MT
100
MANGUEIRA P/ PISCINA 38MM AZUL E TRANSP - 50MT
100
MANGUEIRA P/ PISCINA 38MM AZUL E TRANSP - 50MT
150
MANGUEIRA P/ PISCINA 38MM AZUL E TRANSP - 50MT
150
MANGUEIRA P/ PISCINA 38MM AZUL E TRANSP - 50MT
150
MANGUEIRA P/ PISCINA 38MM EVA AZUL 50MT
250
MANGUEIRA P/ PISCINA 38MM EVA AZUL 50MT
250
MANGUEIRA P/ PISCINA 38MM ULTRAFLEX AZUL 50MT
100
MANGUEIRA P/ PISCINA 38MM ULTRAFLEX AZUL 50MT
100
MANGUEIRA P/ PISCINA 38MM ULTRAFLEX AZUL 50MT
100
MANGUEIRA P/ PISCINA 38MM ULTRAFLEX AZUL 50MT
300
MANGUEIRA P/ PISCINA 38MM ULTRAFLEX AZUL 50MT
300
MANGUEIRA P/ PISCINA 38MM ULTRAFLEX AZUL 50MT
300
MANGUEIRA P/ PISCINA 38MM AZUL E TRANSP - 50MT
350
MANGUEIRA P/ PISCINA 38MM AZUL E TRANSP - 50MT
350
MANGUEIRA P/ PISCINA 38MM AZUL E TRANSP - 50MT
350
MANGUEIRA P/ PISCINA 38MM EVA AZUL 50MT
350
MANGUEIRA P/ PISCINA 38MM EVA AZUL 50MT
350
MANGUEIRA P/ PISCINA 38MM EVA AZUL 50MT
300
MANGUEIRA P/ PISCINA 38MM EVA AZUL 50MT
300
MANGUEIRA 32MM ASPIRADOR DE PÓ CRISTAL 50 MTS
50
MANGUEIRA 32MM ASPIRADOR DE PÓ CRISTAL 50 MTS
50
MANGUEIRA 32MM ASPIRADOR DE PÓ CRISTAL 50 MTS
50
MANGUEIRA P/ PISCINA 38MM ULTRAFLEX AZUL 50MT
100
MANGUEIRA P/ PISCINA 38MM ULTRAFLEX AZUL 50MT
100
MANGUEIRA P/ PISCINA 38MM ULTRAFLEX AZUL 50MT
100
MANGUEIRA P/ PISCINA 38MM ULTRAFLEX AZUL 50MT
200
MANGUEIRA P/ PISCINA 38MM ULTRAFLEX AZUL 50MT
200
MANGUEIRA P/ PISCINA 38MM ULTRAFLEX AZUL 50MT
200
MANGUEIRA P/ PISCINA 38MM AZUL E TRANSP - 50MT
300
MANGUEIRA P/ PISCINA 38MM AZUL E TRANSP - 50MT
300
MANGUEIRA P/ PISCINA 38MM AZUL E TRANSP - 50MT
300
MANGUEIRA P/ PISCINA 38MM EVA AZUL 50MT
400
MANGUEIRA P/ PISCINA 38MM EVA AZUL 50MT
400
MANGUEIRA P/ PISCINA 38MM ULTRAFLEX AZUL 50MT
400
MANGUEIRA P/ PISCINA 38MM ULTRAFLEX AZUL 50MT
400
MANGUEIRA P/ PISCINA 38MM ULTRAFLEX AZUL 50MT
400
MANGUEIRA P/ PISCINA 38MM ULTRAFLEX AZUL 50MT
350
MANGUEIRA P/ PISCINA 38MM ULTRAFLEX AZUL 50MT
350
MANGUEIRA P/ PISCINA 38MM ULTRAFLEX AZUL 50MT
350
MANGUEIRA P/ PISCINA 38MM ULTRAFLEX AZUL 50MT
100
MANGUEIRA P/ PISCINA 38MM ULTRAFLEX AZUL 50MT
100
MANGUEIRA P/ PISCINA 38MM ULTRAFLEX AZUL 50MT
100
MANGUEIRA P/ PISCINA 38MM AZUL E TRANSP - 50MT
200
MANGUEIRA P/ PISCINA 38MM AZUL E TRANSP - 50MT
200
MANGUEIRA P/ PISCINA 38MM AZUL E TRANSP - 50MT
200
MANGUEIRA P/ PISCINA 38MM EVA AZUL 50MT
1000
MANGUEIRA P/ PISCINA 38MM EVA AZUL 50MT
1000
MANGUEIRA 32MM ASPIRADOR DE PÓ CRISTAL 50 MTS
250
MANGUEIRA 32MM ASPIRADOR DE PÓ CRISTAL 50 MTS
250
MANGUEIRA 32MM ASPIRADOR DE PÓ CRISTAL 50 MTS
250
MANGUEIRA P/ PISCINA 38MM ULTRAFLEX AZUL 50MT
1000
MANGUEIRA P/ PISCINA 38MM ULTRAFLEX AZUL 50MT
1000
MANGUEIRA P/ PISCINA 38MM ULTRAFLEX AZUL 50MT
1000
MANGUEIRA P/ PISCINA 38MM AZUL E TRANSP - 50MT
300
MANGUEIRA P/ PISCINA 38MM AZUL E TRANSP - 50MT
300
MANGUEIRA P/ PISCINA 38MM AZUL E TRANSP - 50MT
300
MANGUEIRA P/ PISCINA 38MM AZUL E TRANSP - 50MT
300
MANGUEIRA P/ PISCINA 38MM AZUL E TRANSP - 50MT
300
MANGUEIRA P/ PISCINA 38MM AZUL E TRANSP - 50MT
300
MANGUEIRA P/ PISCINA 38MM AZUL E TRANSP - 50MT
100
MANGUEIRA P/ PISCINA 38MM AZUL E TRANSP - 50MT
100
MANGUEIRA P/ PISCINA 38MM AZUL E TRANSP - 50MT
100
MANGUEIRA P/ PISCINA 38MM AZUL E TRANSP - 50MT
100
MANGUEIRA P/ PISCINA 38MM AZUL E TRANSP - 50MT
100
MANGUEIRA P/ PISCINA 38MM AZUL E TRANSP - 50MT
100
MANGUEIRA P/ PISCINA 38MM EVA AZUL 30MT
90
MANGUEIRA P/ PISCINA 38MM EVA AZUL 30MT
90
MANGUEIRA P/ PISCINA 38MM EVA AZUL 50MT
350
MANGUEIRA P/ PISCINA 38MM EVA AZUL 50MT
350
MANGUEIRA P/ PISCINA 38MM EVA AZUL 50MT
200
MANGUEIRA P/ PISCINA 38MM EVA AZUL 50MT
200
MANGUEIRA P/ PISCINA 38MM EVA AZUL 50MT
50
MANGUEIRA P/ PISCINA 38MM EVA AZUL 50MT
50
MANGUEIRA 32MM ASPIRADOR DE PÓ CRISTAL 50 MTS
50
MANGUEIRA 32MM ASPIRADOR DE PÓ CRISTAL 50 MTS
50
MANGUEIRA 32MM ASPIRADOR DE PÓ CRISTAL 50 MTS
50
MANGUEIRA P/ PISCINA 38MM ULTRAFLEX AZUL 50MT
100
MANGUEIRA P/ PISCINA 38MM ULTRAFLEX AZUL 50MT
100
MANGUEIRA P/ PISCINA 38MM ULTRAFLEX AZUL 50MT
100
MANGUEIRA P/ PISCINA 38MM ULTRAFLEX AZUL 50MT
100
MANGUEIRA P/ PISCINA 38MM ULTRAFLEX AZUL 50MT
100
MANGUEIRA P/ PISCINA 38MM ULTRAFLEX AZUL 50MT
100
MANGUEIRA P/ PISCINA 38MM ULTRAFLEX AZUL 50MT
100
MANGUEIRA P/ PISCINA 38MM ULTRAFLEX AZUL 50MT
100
MANGUEIRA P/ PISCINA 38MM ULTRAFLEX AZUL 50MT
100
MANGUEIRA P/ PISCINA 38MM ULTRAFLEX AZUL 50MT
100
MANGUEIRA P/ PISCINA 38MM ULTRAFLEX AZUL 50MT
100
MANGUEIRA P/ PISCINA 38MM ULTRAFLEX AZUL 50MT
100
MANGUEIRA P/ PISCINA 38MM ULTRAFLEX AZUL 50MT
500
MANGUEIRA P/ PISCINA 38MM ULTRAFLEX AZUL 50MT
500
MANGUEIRA P/ PISCINA 38MM ULTRAFLEX AZUL 50MT
500
MANGUEIRA P/ PISCINA 38MM ULTRAFLEX AZUL 50MT
200
MANGUEIRA P/ PISCINA 38MM ULTRAFLEX AZUL 50MT
200
MANGUEIRA P/ PISCINA 38MM ULTRAFLEX AZUL 50MT
200
MANGUEIRA P/ PISCINA 38MM ULTRAFLEX AZUL 50MT
550
MANGUEIRA P/ PISCINA 38MM ULTRAFLEX AZUL 50MT
550
MANGUEIRA P/ PISCINA 38MM ULTRAFLEX AZUL 50MT
550
MANGUEIRA P/ PISCINA 38MM AZUL E TRANSP - 50MT
150
MANGUEIRA P/ PISCINA 38MM AZUL E TRANSP - 50MT
150
MANGUEIRA P/ PISCINA 38MM AZUL E TRANSP - 50MT
150
MANGUEIRA P/ PISCINA 25MM INTEX AZUL E BRANCA - 2MT
40
MANGUEIRA P/ PISCINA 25MM INTEX AZUL E BRANCA - 2MT
40
MANGUEIRA P/ PISCINA 25MM INTEX AZUL E BRANCA - 5MT
100
MANGUEIRA P/ PISCINA 25MM INTEX AZUL E BRANCA - 5MT
100
MANGUEIRA P/ PISCINA 38MM EVA AZUL 30MT
180
MANGUEIRA P/ PISCINA 38MM EVA AZUL 30MT
180
MANGUEIRA P/ PISCINA 38MM EVA AZUL 50MT
500
MANGUEIRA P/ PISCINA 38MM EVA AZUL 50MT
500
MANGUEIRA P/ PISCINA 38MM EVA AZUL 50MT
400
MANGUEIRA P/ PISCINA 38MM EVA AZUL 50MT
400
MANGUEIRA  P/ PISCINA 38MM ULTRAFLEX 9 MT
9
MANGUEIRA  P/ PISCINA 38MM ULTRAFLEX 9 MT
9
MANGUEIRA  P/ PISCINA 38MM ULTRAFLEX 9 MT
9
MANGUEIRA P/ PISCINA 38MM ULTRAFLEX AZUL 30MT
150
MANGUEIRA P/ PISCINA 38MM ULTRAFLEX AZUL 30MT
150
MANGUEIRA P/ PISCINA 38MM ULTRAFLEX AZUL 30MT
150
MANGUEIRA P/ PISCINA 38MM ULTRAFLEX AZUL 50MT
400
MANGUEIRA P/ PISCINA 38MM ULTRAFLEX AZUL 50MT
400
MANGUEIRA P/ PISCINA 38MM ULTRAFLEX AZUL 50MT
400
MANGUEIRA P/ PISCINA 38MM AZUL E TRANSP - 50MT
50
MANGUEIRA P/ PISCINA 38MM AZUL E TRANSP - 50MT
50
MANGUEIRA P/ PISCINA 38MM AZUL E TRANSP - 50MT
50
MANGUEIRA P/ PISCINA 38MM EVA AZUL 30MT
60
MANGUEIRA P/ PISCINA 38MM EVA AZUL 30MT
60
MANGUEIRA P/ PISCINA 38MM EVA AZUL 50MT
100
MANGUEIRA P/ PISCINA 38MM EVA AZUL 50MT
100
MANGUEIRA P/ PISCINA 38MM ULTRAFLEX AZUL 30MT
60
MANGUEIRA P/ PISCINA 38MM ULTRAFLEX AZUL 30MT
60
MANGUEIRA P/ PISCINA 38MM ULTRAFLEX AZUL 30MT
60
MANGUEIRA P/ PISCINA 38MM ULTRAFLEX AZUL 30MT
90
MANGUEIRA P/ PISCINA 38MM ULTRAFLEX AZUL 30MT
90
MANGUEIRA P/ PISCINA 38MM ULTRAFLEX AZUL 30MT
90
MANGUEIRA P/ PISCINA 38MM ULTRAFLEX AZUL 50MT
100
MANGUEIRA P/ PISCINA 38MM ULTRAFLEX AZUL 50MT
100
MANGUEIRA P/ PISCINA 38MM ULTRAFLEX AZUL 50MT
100
MANGUEIRA P/ PISCINA 38MM ULTRAFLEX AZUL 50MT
100
MANGUEIRA P/ PISCINA 38MM ULTRAFLEX AZUL 50MT
100
MANGUEIRA P/ PISCINA 38MM ULTRAFLEX AZUL 50MT
100
MANGUEIRA P/ PISCINA 38MM AZUL E TRANSP - 30MT
240
MANGUEIRA P/ PISCINA 38MM AZUL E TRANSP - 30MT
240
MANGUEIRA P/ PISCINA 38MM AZUL E TRANSP - 30MT
240
MANGUEIRA P/ PISCINA 38MM EVA AZUL 50MT
250
MANGUEIRA P/ PISCINA 38MM EVA AZUL 50MT
250
MANGUEIRA P/ PISCINA 38MM EVA AZUL 50MT
250
MANGUEIRA P/ PISCINA 38MM EVA AZUL 50MT
250
MANGUEIRA 32MM ASPIRADOR DE PÓ CRISTAL 50 MTS
50
MANGUEIRA 32MM ASPIRADOR DE PÓ CRISTAL 50 MTS
50
MANGUEIRA 32MM ASPIRADOR DE PÓ CRISTAL 50 MTS
50
MANGUEIRA P/ PISCINA 38MM ULTRAFLEX AZUL 30MT
90
MANGUEIRA P/ PISCINA 38MM ULTRAFLEX AZUL 30MT
90
MANGUEIRA P/ PISCINA 38MM ULTRAFLEX AZUL 30MT
90
MANGUEIRA P/ PISCINA 38MM ULTRAFLEX AZUL 50MT
200
MANGUEIRA P/ PISCINA 38MM ULTRAFLEX AZUL 50MT
200
MANGUEIRA P/ PISCINA 38MM ULTRAFLEX AZUL 50MT
200
MANGUEIRA P/ PISCINA 38MM ULTRAFLEX AZUL 50MT
100
MANGUEIRA P/ PISCINA 38MM ULTRAFLEX AZUL 50MT
100
MANGUEIRA P/ PISCINA 38MM ULTRAFLEX AZUL 50MT
100
MANGUEIRA P/ PISCINA 38MM ULTRAFLEX AZUL 50MT
250
MANGUEIRA P/ PISCINA 38MM ULTRAFLEX AZUL 50MT
250
MANGUEIRA P/ PISCINA 38MM ULTRAFLEX AZUL 50MT
250
MANGUEIRA P/ PISCINA 38MM ULTRAFLEX AZUL 50MT
550
MANGUEIRA P/ PISCINA 38MM ULTRAFLEX AZUL 50MT
550
MANGUEIRA P/ PISCINA 38MM ULTRAFLEX AZUL 50MT
550
MANGUEIRA P/ PISCINA 25MM INTEX AZUL E BRANCA - 2MT
6
MANGUEIRA P/ PISCINA 25MM INTEX AZUL E BRANCA - 2MT
6
MANGUEIRA P/ PISCINA 25MM INTEX AZUL E BRANCA - 3MT
9
MANGUEIRA P/ PISCINA 25MM INTEX AZUL E BRANCA - 3MT
9
MANGUEIRA P/ PISCINA 25MM INTEX AZUL E BRANCA - 4MT
12
MANGUEIRA P/ PISCINA 25MM INTEX AZUL E BRANCA - 4MT
12
MANGUEIRA P/ PISCINA 25MM INTEX AZUL E BRANCA - 5MT
15
MANGUEIRA P/ PISCINA 25MM INTEX AZUL E BRANCA - 5MT
15
MANGUEIRA P/ PISCINA 25MM INTEX AZUL E BRANCA - 6MT
18
MANGUEIRA P/ PISCINA 25MM INTEX AZUL E BRANCA - 6MT
18
MANGUEIRA P/ PISCINA 25MM INTEX AZUL E BRANCA - 50MT
100
MANGUEIRA P/ PISCINA 25MM INTEX AZUL E BRANCA - 50MT
100
Copiando Banco de dados Fortyflex
[Error: EPERM: operation not permitted, copyfile '\\192.168.2.7\HTD-FortyFlex\Banco_Dados\HTD_DB.FDB' -> 'C:\Users\elian\Documents\Sistema_de_Cobranca\lab_eng_software_backend\banco_de_dados\HTD_DB_FORTYFLEXTemp.FDB'] {
  errno: -4048,
  code: 'EPERM',
  syscall: 'copyfile',
  path: '\\\\192.168.2.7\\HTD-FortyFlex\\Banco_Dados\\HTD_DB.FDB',
  dest: 'C:\\Users\\elian\\Documents\\Sistema_de_Cobranca\\lab_eng_software_backend\\banco_de_dados\\HTD_DB_FORTYFLEXTemp.FDB'
}
MANGUEIRA P/ PISCINA 38MM ULTRAFLEX AZUL 50MT
100
MANGUEIRA P/ PISCINA 38MM ULTRAFLEX AZUL 50MT
100
MANGUEIRA P/ PISCINA 38MM ULTRAFLEX AZUL 50MT
100
MANGUEIRA P/ PISCINA 38MM AZUL E TRANSP - 50MT
100
MANGUEIRA P/ PISCINA 38MM AZUL E TRANSP - 50MT
100
MANGUEIRA P/ PISCINA 38MM AZUL E TRANSP - 50MT
100
MANGUEIRA P/ PISCINA 25MM INTEX AZUL E BRANCA - 2MT
20
MANGUEIRA P/ PISCINA 25MM INTEX AZUL E BRANCA - 2MT
20
MANGUEIRA P/ PISCINA 25MM INTEX AZUL E BRANCA - 3MT
30
MANGUEIRA P/ PISCINA 25MM INTEX AZUL E BRANCA - 3MT
30
MANGUEIRA P/ PISCINA 25MM INTEX AZUL E BRANCA - 4MT
20
MANGUEIRA P/ PISCINA 25MM INTEX AZUL E BRANCA - 4MT
20
MANGUEIRA P/ PISCINA 38MM EVA AZUL 50MT
300
MANGUEIRA P/ PISCINA 38MM EVA AZUL 50MT
300
MANGUEIRA P/ PISCINA 38MM ULTRAFLEX 6 MT
18
MANGUEIRA P/ PISCINA 38MM ULTRAFLEX 6 MT
18
MANGUEIRA P/ PISCINA 38MM ULTRAFLEX 6 MT
18
MANGUEIRA P/ PISCINA 38MM ULTRAFLEX 7 MT
21
MANGUEIRA P/ PISCINA 38MM ULTRAFLEX 7 MT
21
MANGUEIRA P/ PISCINA 38MM ULTRAFLEX 7 MT
21
MANGUEIRA  P/ PISCINA 38MM ULTRAFLEX 5 MT
35
MANGUEIRA  P/ PISCINA 38MM ULTRAFLEX 5 MT
35
MANGUEIRA  P/ PISCINA 38MM ULTRAFLEX 5 MT
35
MANGUEIRA P/ PISCINA 38MM ULTRAFLEX AZUL 50MT
250
MANGUEIRA P/ PISCINA 38MM ULTRAFLEX AZUL 50MT
250
MANGUEIRA P/ PISCINA 38MM ULTRAFLEX AZUL 50MT
250
MANGUEIRA P/ PISCINA 38MM ULTRAFLEX AZUL 50MT
700
MANGUEIRA P/ PISCINA 38MM ULTRAFLEX AZUL 50MT
700
MANGUEIRA P/ PISCINA 38MM ULTRAFLEX AZUL 50MT
700
MANGUEIRA P/ PISCINA 38MM ULTRAFLEX AZUL 50MT
150
MANGUEIRA P/ PISCINA 38MM ULTRAFLEX AZUL 50MT
150
MANGUEIRA P/ PISCINA 38MM ULTRAFLEX AZUL 50MT
150
MANGUEIRA PARA PISCINA ULTRAFLEX 38 MM X 10 MTS
20
MANGUEIRA PARA PISCINA ULTRAFLEX 38 MM X 10 MTS
20
MANGUEIRA PARA PISCINA ULTRAFLEX 38 MM X 10 MTS
20
MANGUEIRA P/ PISCINA 38MM EVA AZUL 30MT
300
MANGUEIRA P/ PISCINA 38MM EVA AZUL 30MT
300
MANGUEIRA P/ PISCINA 38MM EVA AZUL 50MT
50
MANGUEIRA P/ PISCINA 38MM EVA AZUL 50MT
50
MANGUEIRA P/ PISCINA 38MM EVA AZUL 50MT
150
MANGUEIRA P/ PISCINA 38MM EVA AZUL 50MT
150
MANGUEIRA 32MM ASPIRADOR DE PÓ CRISTAL 50 MTS
150
MANGUEIRA 32MM ASPIRADOR DE PÓ CRISTAL 50 MTS
150
MANGUEIRA 32MM ASPIRADOR DE PÓ CRISTAL 50 MTS
150
MANGUEIRA P/ PISCINA 38MM ULTRAFLEX AZUL 50MT
300
MANGUEIRA P/ PISCINA 38MM ULTRAFLEX AZUL 50MT
300
MANGUEIRA P/ PISCINA 38MM ULTRAFLEX AZUL 50MT
300
MANGUEIRA P/ PISCINA 38MM ULTRAFLEX AZUL 50MT
100
MANGUEIRA P/ PISCINA 38MM ULTRAFLEX AZUL 50MT
100
MANGUEIRA P/ PISCINA 38MM ULTRAFLEX AZUL 50MT
100
MANGUEIRA P/ PISCINA 38MM ULTRAFLEX AZUL 50MT
200
MANGUEIRA P/ PISCINA 38MM ULTRAFLEX AZUL 50MT
200
MANGUEIRA P/ PISCINA 38MM ULTRAFLEX AZUL 50MT
200
MANGUEIRA P/ PISCINA 38MM ULTRAFLEX AZUL 50MT
150
MANGUEIRA P/ PISCINA 38MM ULTRAFLEX AZUL 50MT
150
MANGUEIRA P/ PISCINA 38MM ULTRAFLEX AZUL 50MT
150
MANGUEIRA P/ PISCINA 38MM ULTRAFLEX AZUL 50MT
150
MANGUEIRA P/ PISCINA 38MM ULTRAFLEX AZUL 50MT
150
MANGUEIRA P/ PISCINA 38MM ULTRAFLEX AZUL 50MT
150
MANGUEIRA P/ PISCINA 38MM ULTRAFLEX AZUL 50MT
50
MANGUEIRA P/ PISCINA 38MM ULTRAFLEX AZUL 50MT
50
MANGUEIRA P/ PISCINA 38MM ULTRAFLEX AZUL 50MT
50
MANGUEIRA P/ PISCINA 38MM ULTRAFLEX AZUL 50MT
500
MANGUEIRA P/ PISCINA 38MM ULTRAFLEX AZUL 50MT
500
MANGUEIRA P/ PISCINA 38MM ULTRAFLEX AZUL 50MT
500
MANGUEIRA P/ PISCINA 38MM AZUL E TRANSP - 50MT
200
MANGUEIRA P/ PISCINA 38MM AZUL E TRANSP - 50MT
200
MANGUEIRA P/ PISCINA 38MM AZUL E TRANSP - 50MT
200
MANGUEIRA P/ PISCINA 38MM AZUL E TRANSP - 50MT
150
MANGUEIRA P/ PISCINA 38MM AZUL E TRANSP - 50MT
150
MANGUEIRA P/ PISCINA 38MM AZUL E TRANSP - 50MT
150
MANGUEIRA P/ PISCINA 38MM AZUL E TRANSP - 50MT
550
MANGUEIRA P/ PISCINA 38MM AZUL E TRANSP - 50MT
550
MANGUEIRA P/ PISCINA 38MM AZUL E TRANSP - 50MT
550
MANGUEIRA P/ PISCINA 38MM EVA AZUL 30MT
90
MANGUEIRA P/ PISCINA 38MM EVA AZUL 30MT
90
MANGUEIRA P/ PISCINA 38MM EVA AZUL 50MT
300
MANGUEIRA P/ PISCINA 38MM EVA AZUL 50MT
300
MANGUEIRA P/ PISCINA 38MM EVA AZUL 50MT
200
MANGUEIRA P/ PISCINA 38MM EVA AZUL 50MT
200
MANGUEIRA P/ PISCINA 38MM EVA AZUL 50MT
200
MANGUEIRA P/ PISCINA 38MM EVA AZUL 50MT
200
MANGUEIRA P/ PISCINA 38MM ULTRAFLEX AZUL 30MT
120
MANGUEIRA P/ PISCINA 38MM ULTRAFLEX AZUL 30MT
120
MANGUEIRA P/ PISCINA 38MM ULTRAFLEX AZUL 30MT
120
MANGUEIRA P/ PISCINA 38MM ULTRAFLEX AZUL 50MT
150
MANGUEIRA P/ PISCINA 38MM ULTRAFLEX AZUL 50MT
150
MANGUEIRA P/ PISCINA 38MM ULTRAFLEX AZUL 50MT
150
MANGUEIRA P/ PISCINA 38MM ULTRAFLEX AZUL 50MT
50
MANGUEIRA P/ PISCINA 38MM ULTRAFLEX AZUL 50MT
50
MANGUEIRA P/ PISCINA 38MM ULTRAFLEX AZUL 50MT
50
MANGUEIRA P/ PISCINA 38MM ULTRAFLEX AZUL 50MT
50
MANGUEIRA P/ PISCINA 38MM ULTRAFLEX AZUL 50MT
50
MANGUEIRA P/ PISCINA 38MM ULTRAFLEX AZUL 50MT
50
MANGUEIRA P/ PISCINA 38MM AZUL E TRANSP - 30MT
60
MANGUEIRA P/ PISCINA 38MM AZUL E TRANSP - 30MT
60
MANGUEIRA P/ PISCINA 38MM AZUL E TRANSP - 30MT
60
MANGUEIRA P/ PISCINA 38MM AZUL E TRANSP - 50MT
300
MANGUEIRA P/ PISCINA 38MM AZUL E TRANSP - 50MT
300
MANGUEIRA P/ PISCINA 38MM AZUL E TRANSP - 50MT
300
MANGUEIRA P/ PISCINA 38MM AZUL E TRANSP - 50MT
200
MANGUEIRA P/ PISCINA 38MM AZUL E TRANSP - 50MT
200
MANGUEIRA P/ PISCINA 38MM AZUL E TRANSP - 50MT
200
MANGUEIRA P/ PISCINA 38MM AZUL E TRANSP - 50MT
100
MANGUEIRA P/ PISCINA 38MM AZUL E TRANSP - 50MT
100
MANGUEIRA P/ PISCINA 38MM AZUL E TRANSP - 50MT
100
MANGUEIRA P/ PISCINA 38MM AZUL E TRANSP - 50MT
50
MANGUEIRA P/ PISCINA 38MM AZUL E TRANSP - 50MT
50
MANGUEIRA P/ PISCINA 38MM AZUL E TRANSP - 50MT
50
MANGUEIRA P/ PISCINA 38MM EVA AZUL E BRANCA - 30MT
60
MANGUEIRA P/ PISCINA 38MM EVA AZUL E BRANCA - 30MT
60
MANGUEIRA P/ PISCINA 38MM EVA AZUL 50MT
250
MANGUEIRA P/ PISCINA 38MM EVA AZUL 50MT
250
MANGUEIRA P/ PISCINA 38MM EVA AZUL 50MT
300
MANGUEIRA P/ PISCINA 38MM EVA AZUL 50MT
300
MANGUEIRA P/ PISCINA 38MM ULTRAFLEX AZUL 50MT
50
MANGUEIRA P/ PISCINA 38MM ULTRAFLEX AZUL 50MT
50
MANGUEIRA P/ PISCINA 38MM ULTRAFLEX AZUL 50MT
50
MANGUEIRA P/ PISCINA 38MM ULTRAFLEX AZUL 50MT
300
MANGUEIRA P/ PISCINA 38MM ULTRAFLEX AZUL 50MT
300
MANGUEIRA P/ PISCINA 38MM ULTRAFLEX AZUL 50MT
300
MANGUEIRA P/ PISCINA 38MM ULTRAFLEX AZUL 50MT
600
MANGUEIRA P/ PISCINA 38MM ULTRAFLEX AZUL 50MT
600
MANGUEIRA P/ PISCINA 38MM ULTRAFLEX AZUL 50MT
600
MANGUEIRA P/ PISCINA 38MM ULTRAFLEX AZUL 50MT
800
MANGUEIRA P/ PISCINA 38MM ULTRAFLEX AZUL 50MT
800
MANGUEIRA P/ PISCINA 38MM ULTRAFLEX AZUL 50MT
800
MANGUEIRA P/ PISCINA 38MM EVA AZUL 50MT
200
MANGUEIRA P/ PISCINA 38MM EVA AZUL 50MT
200
MANGUEIRA P/ PISCINA 38MM EVA AZUL 50MT
500
MANGUEIRA P/ PISCINA 38MM EVA AZUL 50MT
500
MANGUEIRA PARA PISCINA 38MM AZUL E PRETA 50MTS
250
MANGUEIRA PARA PISCINA 38MM AZUL E PRETA 50MTS
250
MANGUEIRA P/ PISCINA 38MM AZUL E TRANSP - 30MT
180
MANGUEIRA P/ PISCINA 38MM AZUL E TRANSP - 30MT
180
MANGUEIRA P/ PISCINA 38MM AZUL E TRANSP - 30MT
180
MANGUEIRA P/ PISCINA 38MM AZUL E TRANSP - 50MT
100
MANGUEIRA P/ PISCINA 38MM AZUL E TRANSP - 50MT
100
MANGUEIRA P/ PISCINA 38MM AZUL E TRANSP - 50MT
100
MANGUEIRA P/ PISCINA 38MM AZUL E TRANSP - 50MT
150
MANGUEIRA P/ PISCINA 38MM AZUL E TRANSP - 50MT
150
MANGUEIRA P/ PISCINA 38MM AZUL E TRANSP - 50MT
150
MANGUEIRA P/ PISCINA 38MM EVA AZUL 50MT
250
MANGUEIRA P/ PISCINA 38MM EVA AZUL 50MT
250
MANGUEIRA P/ PISCINA 38MM ULTRAFLEX AZUL 50MT
100
MANGUEIRA P/ PISCINA 38MM ULTRAFLEX AZUL 50MT
100
MANGUEIRA P/ PISCINA 38MM ULTRAFLEX AZUL 50MT
100
MANGUEIRA P/ PISCINA 38MM ULTRAFLEX AZUL 50MT
300
MANGUEIRA P/ PISCINA 38MM ULTRAFLEX AZUL 50MT
300
MANGUEIRA P/ PISCINA 38MM ULTRAFLEX AZUL 50MT
300
MANGUEIRA P/ PISCINA 38MM AZUL E TRANSP - 50MT
350
MANGUEIRA P/ PISCINA 38MM AZUL E TRANSP - 50MT
350
MANGUEIRA P/ PISCINA 38MM AZUL E TRANSP - 50MT
350
MANGUEIRA P/ PISCINA 38MM EVA AZUL 50MT
350
MANGUEIRA P/ PISCINA 38MM EVA AZUL 50MT
350
MANGUEIRA P/ PISCINA 38MM EVA AZUL 50MT
300
MANGUEIRA P/ PISCINA 38MM EVA AZUL 50MT
300
MANGUEIRA 32MM ASPIRADOR DE PÓ CRISTAL 50 MTS
50
MANGUEIRA 32MM ASPIRADOR DE PÓ CRISTAL 50 MTS
50
MANGUEIRA 32MM ASPIRADOR DE PÓ CRISTAL 50 MTS
50
MANGUEIRA P/ PISCINA 38MM ULTRAFLEX AZUL 50MT
100
MANGUEIRA P/ PISCINA 38MM ULTRAFLEX AZUL 50MT
100
MANGUEIRA P/ PISCINA 38MM ULTRAFLEX AZUL 50MT
100
MANGUEIRA P/ PISCINA 38MM ULTRAFLEX AZUL 50MT
200
MANGUEIRA P/ PISCINA 38MM ULTRAFLEX AZUL 50MT
200
MANGUEIRA P/ PISCINA 38MM ULTRAFLEX AZUL 50MT
200
MANGUEIRA P/ PISCINA 38MM AZUL E TRANSP - 50MT
300
MANGUEIRA P/ PISCINA 38MM AZUL E TRANSP - 50MT
300
MANGUEIRA P/ PISCINA 38MM AZUL E TRANSP - 50MT
300
MANGUEIRA P/ PISCINA 38MM EVA AZUL 50MT
400
MANGUEIRA P/ PISCINA 38MM EVA AZUL 50MT
400
MANGUEIRA P/ PISCINA 38MM ULTRAFLEX AZUL 50MT
400
MANGUEIRA P/ PISCINA 38MM ULTRAFLEX AZUL 50MT
400
MANGUEIRA P/ PISCINA 38MM ULTRAFLEX AZUL 50MT
400
MANGUEIRA P/ PISCINA 38MM ULTRAFLEX AZUL 50MT
350
MANGUEIRA P/ PISCINA 38MM ULTRAFLEX AZUL 50MT
350
MANGUEIRA P/ PISCINA 38MM ULTRAFLEX AZUL 50MT
350
MANGUEIRA P/ PISCINA 38MM ULTRAFLEX AZUL 50MT
100
MANGUEIRA P/ PISCINA 38MM ULTRAFLEX AZUL 50MT
100
MANGUEIRA P/ PISCINA 38MM ULTRAFLEX AZUL 50MT
100
MANGUEIRA P/ PISCINA 38MM AZUL E TRANSP - 50MT
200
MANGUEIRA P/ PISCINA 38MM AZUL E TRANSP - 50MT
200
MANGUEIRA P/ PISCINA 38MM AZUL E TRANSP - 50MT
200
MANGUEIRA P/ PISCINA 38MM EVA AZUL 50MT
1000
MANGUEIRA P/ PISCINA 38MM EVA AZUL 50MT
1000
MANGUEIRA 32MM ASPIRADOR DE PÓ CRISTAL 50 MTS
250
MANGUEIRA 32MM ASPIRADOR DE PÓ CRISTAL 50 MTS
250
MANGUEIRA 32MM ASPIRADOR DE PÓ CRISTAL 50 MTS
250
MANGUEIRA P/ PISCINA 38MM ULTRAFLEX AZUL 50MT
1000
MANGUEIRA P/ PISCINA 38MM ULTRAFLEX AZUL 50MT
1000
MANGUEIRA P/ PISCINA 38MM ULTRAFLEX AZUL 50MT
1000
MANGUEIRA P/ PISCINA 38MM AZUL E TRANSP - 50MT
300
MANGUEIRA P/ PISCINA 38MM AZUL E TRANSP - 50MT
300
MANGUEIRA P/ PISCINA 38MM AZUL E TRANSP - 50MT
300
MANGUEIRA P/ PISCINA 38MM AZUL E TRANSP - 50MT
300
MANGUEIRA P/ PISCINA 38MM AZUL E TRANSP - 50MT
300
MANGUEIRA P/ PISCINA 38MM AZUL E TRANSP - 50MT
300
MANGUEIRA P/ PISCINA 38MM AZUL E TRANSP - 50MT
100
MANGUEIRA P/ PISCINA 38MM AZUL E TRANSP - 50MT
100
MANGUEIRA P/ PISCINA 38MM AZUL E TRANSP - 50MT
100
MANGUEIRA P/ PISCINA 38MM AZUL E TRANSP - 50MT
100
MANGUEIRA P/ PISCINA 38MM AZUL E TRANSP - 50MT
100
MANGUEIRA P/ PISCINA 38MM AZUL E TRANSP - 50MT
100
MANGUEIRA P/ PISCINA 38MM EVA AZUL 30MT
90
MANGUEIRA P/ PISCINA 38MM EVA AZUL 30MT
90
MANGUEIRA P/ PISCINA 38MM EVA AZUL 50MT
350
MANGUEIRA P/ PISCINA 38MM EVA AZUL 50MT
350
MANGUEIRA P/ PISCINA 38MM EVA AZUL 50MT
200
MANGUEIRA P/ PISCINA 38MM EVA AZUL 50MT
200
MANGUEIRA P/ PISCINA 38MM EVA AZUL 50MT
50
MANGUEIRA P/ PISCINA 38MM EVA AZUL 50MT
50
MANGUEIRA 32MM ASPIRADOR DE PÓ CRISTAL 50 MTS
50
MANGUEIRA 32MM ASPIRADOR DE PÓ CRISTAL 50 MTS
50
MANGUEIRA 32MM ASPIRADOR DE PÓ CRISTAL 50 MTS
50
MANGUEIRA P/ PISCINA 38MM ULTRAFLEX AZUL 50MT
100
MANGUEIRA P/ PISCINA 38MM ULTRAFLEX AZUL 50MT
100
MANGUEIRA P/ PISCINA 38MM ULTRAFLEX AZUL 50MT
100
MANGUEIRA P/ PISCINA 38MM ULTRAFLEX AZUL 50MT
100
MANGUEIRA P/ PISCINA 38MM ULTRAFLEX AZUL 50MT
100
MANGUEIRA P/ PISCINA 38MM ULTRAFLEX AZUL 50MT
100
MANGUEIRA P/ PISCINA 38MM ULTRAFLEX AZUL 50MT
100
MANGUEIRA P/ PISCINA 38MM ULTRAFLEX AZUL 50MT
100
MANGUEIRA P/ PISCINA 38MM ULTRAFLEX AZUL 50MT
100
MANGUEIRA P/ PISCINA 38MM ULTRAFLEX AZUL 50MT
100
MANGUEIRA P/ PISCINA 38MM ULTRAFLEX AZUL 50MT
100
MANGUEIRA P/ PISCINA 38MM ULTRAFLEX AZUL 50MT
100
MANGUEIRA P/ PISCINA 38MM ULTRAFLEX AZUL 50MT
500
MANGUEIRA P/ PISCINA 38MM ULTRAFLEX AZUL 50MT
500
MANGUEIRA P/ PISCINA 38MM ULTRAFLEX AZUL 50MT
500
MANGUEIRA P/ PISCINA 38MM ULTRAFLEX AZUL 50MT
200
MANGUEIRA P/ PISCINA 38MM ULTRAFLEX AZUL 50MT
200
MANGUEIRA P/ PISCINA 38MM ULTRAFLEX AZUL 50MT
200
MANGUEIRA P/ PISCINA 38MM ULTRAFLEX AZUL 50MT
550
MANGUEIRA P/ PISCINA 38MM ULTRAFLEX AZUL 50MT
550
MANGUEIRA P/ PISCINA 38MM ULTRAFLEX AZUL 50MT
550
MANGUEIRA P/ PISCINA 38MM AZUL E TRANSP - 50MT
150
MANGUEIRA P/ PISCINA 38MM AZUL E TRANSP - 50MT
150
MANGUEIRA P/ PISCINA 38MM AZUL E TRANSP - 50MT
150
MANGUEIRA P/ PISCINA 25MM INTEX AZUL E BRANCA - 2MT
40
MANGUEIRA P/ PISCINA 25MM INTEX AZUL E BRANCA - 2MT
40
MANGUEIRA P/ PISCINA 25MM INTEX AZUL E BRANCA - 5MT
100
MANGUEIRA P/ PISCINA 25MM INTEX AZUL E BRANCA - 5MT
100
MANGUEIRA P/ PISCINA 38MM EVA AZUL 30MT
180
MANGUEIRA P/ PISCINA 38MM EVA AZUL 30MT
180
MANGUEIRA P/ PISCINA 38MM EVA AZUL 50MT
500
MANGUEIRA P/ PISCINA 38MM EVA AZUL 50MT
500
MANGUEIRA P/ PISCINA 38MM EVA AZUL 50MT
400
MANGUEIRA P/ PISCINA 38MM EVA AZUL 50MT
400
MANGUEIRA  P/ PISCINA 38MM ULTRAFLEX 9 MT
9
MANGUEIRA  P/ PISCINA 38MM ULTRAFLEX 9 MT
9
MANGUEIRA  P/ PISCINA 38MM ULTRAFLEX 9 MT
9
MANGUEIRA P/ PISCINA 38MM ULTRAFLEX AZUL 30MT
150
MANGUEIRA P/ PISCINA 38MM ULTRAFLEX AZUL 30MT
150
MANGUEIRA P/ PISCINA 38MM ULTRAFLEX AZUL 30MT
150
MANGUEIRA P/ PISCINA 38MM ULTRAFLEX AZUL 50MT
400
MANGUEIRA P/ PISCINA 38MM ULTRAFLEX AZUL 50MT
400
MANGUEIRA P/ PISCINA 38MM ULTRAFLEX AZUL 50MT
400
MANGUEIRA P/ PISCINA 38MM AZUL E TRANSP - 50MT
50
MANGUEIRA P/ PISCINA 38MM AZUL E TRANSP - 50MT
50
MANGUEIRA P/ PISCINA 38MM AZUL E TRANSP - 50MT
50
MANGUEIRA P/ PISCINA 38MM EVA AZUL 30MT
60
MANGUEIRA P/ PISCINA 38MM EVA AZUL 30MT
60
MANGUEIRA P/ PISCINA 38MM EVA AZUL 50MT
100
MANGUEIRA P/ PISCINA 38MM EVA AZUL 50MT
100
MANGUEIRA P/ PISCINA 38MM ULTRAFLEX AZUL 30MT
60
MANGUEIRA P/ PISCINA 38MM ULTRAFLEX AZUL 30MT
60
MANGUEIRA P/ PISCINA 38MM ULTRAFLEX AZUL 30MT
60
MANGUEIRA P/ PISCINA 38MM ULTRAFLEX AZUL 30MT
90
MANGUEIRA P/ PISCINA 38MM ULTRAFLEX AZUL 30MT
90
MANGUEIRA P/ PISCINA 38MM ULTRAFLEX AZUL 30MT
90
MANGUEIRA P/ PISCINA 38MM ULTRAFLEX AZUL 50MT
100
MANGUEIRA P/ PISCINA 38MM ULTRAFLEX AZUL 50MT
100
MANGUEIRA P/ PISCINA 38MM ULTRAFLEX AZUL 50MT
100
MANGUEIRA P/ PISCINA 38MM ULTRAFLEX AZUL 50MT
100
MANGUEIRA P/ PISCINA 38MM ULTRAFLEX AZUL 50MT
100
MANGUEIRA P/ PISCINA 38MM ULTRAFLEX AZUL 50MT
100
MANGUEIRA P/ PISCINA 38MM AZUL E TRANSP - 30MT
240
MANGUEIRA P/ PISCINA 38MM AZUL E TRANSP - 30MT
240
MANGUEIRA P/ PISCINA 38MM AZUL E TRANSP - 30MT
240
MANGUEIRA P/ PISCINA 38MM EVA AZUL 50MT
250
MANGUEIRA P/ PISCINA 38MM EVA AZUL 50MT
250
MANGUEIRA P/ PISCINA 38MM EVA AZUL 50MT
250
MANGUEIRA P/ PISCINA 38MM EVA AZUL 50MT
250
MANGUEIRA 32MM ASPIRADOR DE PÓ CRISTAL 50 MTS
50
MANGUEIRA 32MM ASPIRADOR DE PÓ CRISTAL 50 MTS
50
MANGUEIRA 32MM ASPIRADOR DE PÓ CRISTAL 50 MTS
50
MANGUEIRA P/ PISCINA 38MM ULTRAFLEX AZUL 30MT
90
MANGUEIRA P/ PISCINA 38MM ULTRAFLEX AZUL 30MT
90
MANGUEIRA P/ PISCINA 38MM ULTRAFLEX AZUL 30MT
90
MANGUEIRA P/ PISCINA 38MM ULTRAFLEX AZUL 50MT
200
MANGUEIRA P/ PISCINA 38MM ULTRAFLEX AZUL 50MT
200
MANGUEIRA P/ PISCINA 38MM ULTRAFLEX AZUL 50MT
200
MANGUEIRA P/ PISCINA 38MM ULTRAFLEX AZUL 50MT
100
MANGUEIRA P/ PISCINA 38MM ULTRAFLEX AZUL 50MT
100
MANGUEIRA P/ PISCINA 38MM ULTRAFLEX AZUL 50MT
100
MANGUEIRA P/ PISCINA 38MM ULTRAFLEX AZUL 50MT
250
MANGUEIRA P/ PISCINA 38MM ULTRAFLEX AZUL 50MT
250
MANGUEIRA P/ PISCINA 38MM ULTRAFLEX AZUL 50MT
250
MANGUEIRA P/ PISCINA 38MM ULTRAFLEX AZUL 50MT
550
MANGUEIRA P/ PISCINA 38MM ULTRAFLEX AZUL 50MT
550
MANGUEIRA P/ PISCINA 38MM ULTRAFLEX AZUL 50MT
550
MANGUEIRA P/ PISCINA 25MM INTEX AZUL E BRANCA - 2MT
6
MANGUEIRA P/ PISCINA 25MM INTEX AZUL E BRANCA - 2MT
6
MANGUEIRA P/ PISCINA 25MM INTEX AZUL E BRANCA - 3MT
9
MANGUEIRA P/ PISCINA 25MM INTEX AZUL E BRANCA - 3MT
9
MANGUEIRA P/ PISCINA 25MM INTEX AZUL E BRANCA - 4MT
12
MANGUEIRA P/ PISCINA 25MM INTEX AZUL E BRANCA - 4MT
12
MANGUEIRA P/ PISCINA 25MM INTEX AZUL E BRANCA - 5MT
15
MANGUEIRA P/ PISCINA 25MM INTEX AZUL E BRANCA - 5MT
15
MANGUEIRA P/ PISCINA 25MM INTEX AZUL E BRANCA - 6MT
18
MANGUEIRA P/ PISCINA 25MM INTEX AZUL E BRANCA - 6MT
18
MANGUEIRA P/ PISCINA 25MM INTEX AZUL E BRANCA - 50MT
100
MANGUEIRA P/ PISCINA 25MM INTEX AZUL E BRANCA - 50MT
100
Copiando Banco de dados Fortyflex
[Error: EPERM: operation not permitted, copyfile '\\192.168.2.7\HTD-FortyFlex\Banco_Dados\HTD_DB.FDB' -> 'C:\Users\elian\Documents\Sistema_de_Cobranca\lab_eng_software_backend\banco_de_dados\HTD_DB_FORTYFLEXTemp.FDB'] {
  errno: -4048,
  code: 'EPERM',
  syscall: 'copyfile',
  path: '\\\\192.168.2.7\\HTD-FortyFlex\\Banco_Dados\\HTD_DB.FDB',
  dest: 'C:\\Users\\elian\\Documents\\Sistema_de_Cobranca\\lab_eng_software_backend\\banco_de_dados\\HTD_DB_FORTYFLEXTemp.FDB'
}
Copiando Banco de dados Fortyflex
[Error: EPERM: operation not permitted, copyfile '\\192.168.2.7\HTD-FortyFlex\Banco_Dados\HTD_DB.FDB' -> 'C:\Users\elian\Documents\Sistema_de_Cobranca\lab_eng_software_backend\banco_de_dados\HTD_DB_FORTYFLEXTemp.FDB'] {
  errno: -4048,
  code: 'EPERM',
  syscall: 'copyfile',
  path: '\\\\192.168.2.7\\HTD-FortyFlex\\Banco_Dados\\HTD_DB.FDB',
  dest: 'C:\\Users\\elian\\Documents\\Sistema_de_Cobranca\\lab_eng_software_backend\\banco_de_dados\\HTD_DB_FORTYFLEXTemp.FDB'
}
Copiando Banco de dados Fortyflex
[Error: EPERM: operation not permitted, copyfile '\\192.168.2.7\HTD-FortyFlex\Banco_Dados\HTD_DB.FDB' -> 'C:\Users\elian\Documents\Sistema_de_Cobranca\lab_eng_software_backend\banco_de_dados\HTD_DB_FORTYFLEXTemp.FDB'] {
  errno: -4048,
  code: 'EPERM',
  syscall: 'copyfile',
  path: '\\\\192.168.2.7\\HTD-FortyFlex\\Banco_Dados\\HTD_DB.FDB',
  dest: 'C:\\Users\\elian\\Documents\\Sistema_de_Cobranca\\lab_eng_software_backend\\banco_de_dados\\HTD_DB_FORTYFLEXTemp.FDB'
}
Copiando Banco de dados Fortyflex
[Error: EPERM: operation not permitted, copyfile '\\192.168.2.7\HTD-FortyFlex\Banco_Dados\HTD_DB.FDB' -> 'C:\Users\elian\Documents\Sistema_de_Cobranca\lab_eng_software_backend\banco_de_dados\HTD_DB_FORTYFLEXTemp.FDB'] {
  errno: -4048,
  code: 'EPERM',
  syscall: 'copyfile',
  path: '\\\\192.168.2.7\\HTD-FortyFlex\\Banco_Dados\\HTD_DB.FDB',
  dest: 'C:\\Users\\elian\\Documents\\Sistema_de_Cobranca\\lab_eng_software_backend\\banco_de_dados\\HTD_DB_FORTYFLEXTemp.FDB'
}
